Running command: ./runscript.sh cactuBSSN RFM4.BR4.4C 4 2017 --rh_defense --rh_mitigation=RFM --rh_rfm_per_trefi=4 --rh_rfm_blast_radius=4 --rh_rfm_maxacts_per_trefi=166
Running exports
GEM5_PATH is set to '/home/gsaileshwar/rowhammer_defense/aqua_gem5/gem5'
SPEC17_PATH is set to '/home/gsaileshwar/rowhammer_defense/spec2017/spec-cpu-2017-main'
CKPT_PATH is set to '/home/gsaileshwar/rowhammer_defense/aqua_gem5/cpts'
RH_DEFENSE: --rh_defense is ENABLED
checkpoint directory:  /home/gsaileshwar/rowhammer_defense/aqua_gem5/cpts/multiprogram_16GBmem_25Bn.SPEC2017.C4/cactuBSSN-1-ref-x86
output directory:  /home/gsaileshwar/rowhammer_defense/aqua_gem5/gem5/stats/multiprogram_16GBmem_250Mn.SPEC2017.C4/RFM4.BR4.4C/cactuBSSN
Command line:
./runscript.sh cactuBSSN RFM4.BR4.4C 4 2017 --rh_defense --rh_mitigation=RFM --rh_rfm_per_trefi=4 --rh_rfm_blast_radius=4 --rh_rfm_maxacts_per_trefi=166

------------------------------------------------------------
Sender: LSF System <lsflin@dc7-sim-g18-219>
Subject: Job 1667997411: </home/gsaileshwar/rowhammer_defense/aqua_gem5/gem5/scripts/qsub_cmds/run_32/5_runscript.sh_cactuBSSN_RFM4.BR4.4C_4_2017_--rh_defense_--rh_mitigation=RFM_--rh_rfm_per_trefi=4_--rh_rfm_blast_radius=4_--rh_rfm_maxacts_per_trefi=166.sh> in cluster <nvidia> Done

Job </home/gsaileshwar/rowhammer_defense/aqua_gem5/gem5/scripts/qsub_cmds/run_32/5_runscript.sh_cactuBSSN_RFM4.BR4.4C_4_2017_--rh_defense_--rh_mitigation=RFM_--rh_rfm_per_trefi=4_--rh_rfm_blast_radius=4_--rh_rfm_maxacts_per_trefi=166.sh> was submitted from host <sc-xterm-260> by user <gsaileshwar> in cluster <nvidia> at Wed Jul  5 18:55:53 2023
Job was executed on host(s) <dc7-sim-g18-219>, in queue <o_long>, as user <gsaileshwar> in cluster <nvidia> at Wed Jul  5 19:15:09 2023
</home/gsaileshwar> was used as the home directory.
</home/gsaileshwar/rowhammer_defense/aqua_gem5/gem5/scripts> was used as the working directory.
Started at Wed Jul  5 19:15:09 2023
Terminated at Wed Jul  5 21:45:06 2023
Results reported at Wed Jul  5 21:45:06 2023

Your job looked like:

------------------------------------------------------------
# LSBATCH: User input
/home/gsaileshwar/rowhammer_defense/aqua_gem5/gem5/scripts/qsub_cmds/run_32/5_runscript.sh_cactuBSSN_RFM4.BR4.4C_4_2017_--rh_defense_--rh_mitigation=RFM_--rh_rfm_per_trefi=4_--rh_rfm_blast_radius=4_--rh_rfm_maxacts_per_trefi=166.sh
------------------------------------------------------------

Successfully completed.

Resource usage summary:

    CPU time :                                   8947.00 sec.
    Max Memory :                                 2762.49 MB
    Average Memory :                             2733.08 MB
    Total Requested Memory :                     6000.00 MB
    Delta Memory :                               3237.51 MB
    Max Swap :                                   -
    Max Processes :                              1
    Max Threads :                                1
    Run time :                                   8997 sec.
    Turnaround time :                            10153 sec.

The output (if any) is above this job summary.

