Running command: ./runscript.sh lbm AE.BASELINE.4C 4 2017
Running exports
GEM5_PATH is set to '/home/gsaileshwar/rowhammer_defense/aqua_gem5/gem5'
SPEC17_PATH is set to '/home/gsaileshwar/rowhammer_defense/spec2017/spec-cpu-2017-main'
CKPT_PATH is set to '/home/gsaileshwar/rowhammer_defense/aqua_gem5/cpts'
RH_DEFENSE is DISABLED
checkpoint directory:  /home/gsaileshwar/rowhammer_defense/aqua_gem5/cpts/multiprogram_16GBmem_25Bn.SPEC2017.C4/lbm-1-ref-x86
output directory:  /home/gsaileshwar/rowhammer_defense/aqua_gem5/gem5/stats/multiprogram_16GBmem_250Mn.SPEC2017.C4/AE.BASELINE.4C//lbm
Command line:
./runscript.sh lbm AE.BASELINE.4C 4 2017

------------------------------------------------------------
Sender: LSF System <lsflin@dc7-sim-a10-082>
Subject: Job 1612722364: </home/gsaileshwar/rowhammer_defense/aqua_gem5/gem5/scripts/qsub_cmds/run_5/8_runscript.sh_lbm_AE.BASELINE.4C_4_2017.sh> in cluster <nvidia> Done

Job </home/gsaileshwar/rowhammer_defense/aqua_gem5/gem5/scripts/qsub_cmds/run_5/8_runscript.sh_lbm_AE.BASELINE.4C_4_2017.sh> was submitted from host <sc-xterm-260> by user <gsaileshwar> in cluster <nvidia> at Wed Jun 14 11:17:31 2023
Job was executed on host(s) <dc7-sim-a10-082>, in queue <o_long>, as user <gsaileshwar> in cluster <nvidia> at Wed Jun 14 11:17:46 2023
</home/gsaileshwar> was used as the home directory.
</home/gsaileshwar/rowhammer_defense/aqua_gem5/gem5/scripts> was used as the working directory.
Started at Wed Jun 14 11:17:46 2023
Terminated at Wed Jun 14 14:08:58 2023
Results reported at Wed Jun 14 14:08:58 2023

Your job looked like:

------------------------------------------------------------
# LSBATCH: User input
/home/gsaileshwar/rowhammer_defense/aqua_gem5/gem5/scripts/qsub_cmds/run_5/8_runscript.sh_lbm_AE.BASELINE.4C_4_2017.sh
------------------------------------------------------------

Successfully completed.

Resource usage summary:

    CPU time :                                   10258.00 sec.
    Max Memory :                                 2027.32 MB
    Average Memory :                             2020.13 MB
    Total Requested Memory :                     6000.00 MB
    Delta Memory :                               3972.68 MB
    Max Swap :                                   -
    Max Processes :                              1
    Max Threads :                                1
    Run time :                                   10286 sec.
    Turnaround time :                            10287 sec.

The output (if any) is above this job summary.

