Running command: ./runscript.sh mix16 PARA3.BR1.4C 4 2017 --rh_defense --rh_mitigation=PARA --rh_rfm_per_trefi=3 --rh_rfm_blast_radius=1 --rh_rfm_maxacts_per_trefi=166
Running exports
GEM5_PATH is set to '/home/gsaileshwar/rowhammer_defense/aqua_gem5/gem5'
SPEC17_PATH is set to '/home/gsaileshwar/rowhammer_defense/spec2017/spec-cpu-2017-main'
CKPT_PATH is set to '/home/gsaileshwar/rowhammer_defense/aqua_gem5/cpts'
RH_DEFENSE: --rh_defense is ENABLED
checkpoint directory:  /home/gsaileshwar/rowhammer_defense/aqua_gem5/cpts/multiprogram_16GBmem_25Bn.SPEC2017.C4/mix16-1-ref-x86
output directory:  /home/gsaileshwar/rowhammer_defense/aqua_gem5/gem5/stats/multiprogram_16GBmem_250Mn.SPEC2017.C4/PARA3.BR1.4C/mix16
Command line:
./runscript.sh mix16 PARA3.BR1.4C 4 2017 --rh_defense --rh_mitigation=PARA --rh_rfm_per_trefi=3 --rh_rfm_blast_radius=1 --rh_rfm_maxacts_per_trefi=166

------------------------------------------------------------
Sender: LSF System <lsflin@dc7-sim-d07-015>
Subject: Job 1731954529: </home/gsaileshwar/rowhammer_defense/aqua_gem5/gem5/scripts/qsub_cmds/run_159/34_runscript.sh_mix16_PARA3.BR1.4C_4_2017_--rh_defense_--rh_mitigation=PARA_--rh_rfm_per_trefi=3_--rh_rfm_blast_radius=1_--rh_rfm_maxacts_per_trefi=166.sh> in cluster <nvidia> Done

Job </home/gsaileshwar/rowhammer_defense/aqua_gem5/gem5/scripts/qsub_cmds/run_159/34_runscript.sh_mix16_PARA3.BR1.4C_4_2017_--rh_defense_--rh_mitigation=PARA_--rh_rfm_per_trefi=3_--rh_rfm_blast_radius=1_--rh_rfm_maxacts_per_trefi=166.sh> was submitted from host <dc7-sim-d12-083> by user <gsaileshwar> in cluster <nvidia> at Thu Jul 27 14:20:19 2023
Job was executed on host(s) <dc7-sim-d07-015>, in queue <o_long>, as user <gsaileshwar> in cluster <nvidia> at Thu Jul 27 15:25:15 2023
</home/gsaileshwar> was used as the home directory.
</home/gsaileshwar/rowhammer_defense/aqua_gem5/gem5/scripts> was used as the working directory.
Started at Thu Jul 27 15:25:15 2023
Terminated at Thu Jul 27 16:37:47 2023
Results reported at Thu Jul 27 16:37:47 2023

Your job looked like:

------------------------------------------------------------
# LSBATCH: User input
/home/gsaileshwar/rowhammer_defense/aqua_gem5/gem5/scripts/qsub_cmds/run_159/34_runscript.sh_mix16_PARA3.BR1.4C_4_2017_--rh_defense_--rh_mitigation=PARA_--rh_rfm_per_trefi=3_--rh_rfm_blast_radius=1_--rh_rfm_maxacts_per_trefi=166.sh
------------------------------------------------------------

Successfully completed.

Resource usage summary:

    CPU time :                                   4341.00 sec.
    Max Memory :                                 2521.21 MB
    Average Memory :                             2423.82 MB
    Total Requested Memory :                     6000.00 MB
    Delta Memory :                               3478.79 MB
    Max Swap :                                   -
    Max Processes :                              1
    Max Threads :                                1
    Run time :                                   4360 sec.
    Turnaround time :                            8248 sec.

The output (if any) is above this job summary.

