Running command: ./runscript.sh mix17 PARA1.BR2.4C 4 2017 --rh_defense --rh_mitigation=PARA --rh_rfm_per_trefi=1 --rh_rfm_blast_radius=2 --rh_rfm_maxacts_per_trefi=166
./runscript.sh: line 4: /home/gsaileshwar/rowhammer_defense/spec2017/env.lsf.gem5.sh: Permission denied
./runscript.sh: line 5: /home/gsaileshwar/rowhammer_defense/aqua_gem5/gem5/scripts/env.sh: Permission denied
GEM5_PATH is unset

------------------------------------------------------------
Sender: LSF System <lsflin@dc7-sim-e13-011>
Subject: Job 1952417756: </home/scratch.ajaleel_nvresearch/rowhammer/gururaj/rowhammer_defense/aqua_gem5/gem5/scripts/qsub_cmds/run_162/35_runscript.sh_mix17_PARA1.BR2.4C_4_2017_--rh_defense_--rh_mitigation=PARA_--rh_rfm_per_trefi=1_--rh_rfm_blast_radius=2_--rh_rfm_maxacts_per_trefi=166.sh> in cluster <nvidia> Done

Job </home/scratch.ajaleel_nvresearch/rowhammer/gururaj/rowhammer_defense/aqua_gem5/gem5/scripts/qsub_cmds/run_162/35_runscript.sh_mix17_PARA1.BR2.4C_4_2017_--rh_defense_--rh_mitigation=PARA_--rh_rfm_per_trefi=1_--rh_rfm_blast_radius=2_--rh_rfm_maxacts_per_trefi=166.sh> was submitted from host <dc7-container-xterm-02> by user <ajaleel> in cluster <nvidia> at Fri Oct 13 07:44:08 2023
Job was executed on host(s) <dc7-sim-e13-011>, in queue <o_long>, as user <ajaleel> in cluster <nvidia> at Fri Oct 13 07:44:11 2023
</home/ajaleel> was used as the home directory.
</home/scratch.ajaleel_nvresearch/rowhammer/gururaj/rowhammer_defense/aqua_gem5/gem5/scripts> was used as the working directory.
Started at Fri Oct 13 07:44:11 2023
Terminated at Fri Oct 13 07:44:13 2023
Results reported at Fri Oct 13 07:44:13 2023

Your job looked like:

------------------------------------------------------------
# LSBATCH: User input
/home/scratch.ajaleel_nvresearch/rowhammer/gururaj/rowhammer_defense/aqua_gem5/gem5/scripts/qsub_cmds/run_162/35_runscript.sh_mix17_PARA1.BR2.4C_4_2017_--rh_defense_--rh_mitigation=PARA_--rh_rfm_per_trefi=1_--rh_rfm_blast_radius=2_--rh_rfm_maxacts_per_trefi=166.sh
------------------------------------------------------------

Successfully completed.

Resource usage summary:

    CPU time :                                   0.04 sec.
    Max Memory :                                 320.00 KB
    Average Memory :                             320.00 KB
    Total Requested Memory :                     6144000.00 KB
    Delta Memory :                               6143680.00 KB
    Max Swap :                                   -
    Max Processes :                              1
    Max Threads :                                1
    Run time :                                   2 sec.
    Turnaround time :                            5 sec.

The output (if any) is above this job summary.

