Running command: ./runscript.sh povray PARA1.BR2.4C 4 2017 --rh_defense --rh_mitigation=PARA --rh_rfm_per_trefi=1 --rh_rfm_blast_radius=2 --rh_rfm_maxacts_per_trefi=166
./runscript.sh: line 4: /home/gsaileshwar/rowhammer_defense/spec2017/env.lsf.gem5.sh: Permission denied
./runscript.sh: line 5: /home/gsaileshwar/rowhammer_defense/aqua_gem5/gem5/scripts/env.sh: Permission denied
GEM5_PATH is unset

------------------------------------------------------------
Sender: LSF System <lsflin@dc7-sim-a12-208>
Subject: Job 1952417136: </home/scratch.ajaleel_nvresearch/rowhammer/gururaj/rowhammer_defense/aqua_gem5/gem5/scripts/qsub_cmds/run_162/6_runscript.sh_povray_PARA1.BR2.4C_4_2017_--rh_defense_--rh_mitigation=PARA_--rh_rfm_per_trefi=1_--rh_rfm_blast_radius=2_--rh_rfm_maxacts_per_trefi=166.sh> in cluster <nvidia> Done

Job </home/scratch.ajaleel_nvresearch/rowhammer/gururaj/rowhammer_defense/aqua_gem5/gem5/scripts/qsub_cmds/run_162/6_runscript.sh_povray_PARA1.BR2.4C_4_2017_--rh_defense_--rh_mitigation=PARA_--rh_rfm_per_trefi=1_--rh_rfm_blast_radius=2_--rh_rfm_maxacts_per_trefi=166.sh> was submitted from host <dc7-container-xterm-02> by user <ajaleel> in cluster <nvidia> at Fri Oct 13 07:43:41 2023
Job was executed on host(s) <dc7-sim-a12-208>, in queue <o_long>, as user <ajaleel> in cluster <nvidia> at Fri Oct 13 07:43:44 2023
</home/ajaleel> was used as the home directory.
</home/scratch.ajaleel_nvresearch/rowhammer/gururaj/rowhammer_defense/aqua_gem5/gem5/scripts> was used as the working directory.
Started at Fri Oct 13 07:43:44 2023
Terminated at Fri Oct 13 07:43:46 2023
Results reported at Fri Oct 13 07:43:46 2023

Your job looked like:

------------------------------------------------------------
# LSBATCH: User input
/home/scratch.ajaleel_nvresearch/rowhammer/gururaj/rowhammer_defense/aqua_gem5/gem5/scripts/qsub_cmds/run_162/6_runscript.sh_povray_PARA1.BR2.4C_4_2017_--rh_defense_--rh_mitigation=PARA_--rh_rfm_per_trefi=1_--rh_rfm_blast_radius=2_--rh_rfm_maxacts_per_trefi=166.sh
------------------------------------------------------------

Successfully completed.

Resource usage summary:

    CPU time :                                   0.05 sec.
    Max Memory :                                 -
    Average Memory :                             -
    Total Requested Memory :                     6000.00 MB
    Delta Memory :                               -
    Max Swap :                                   -
    Max Processes :                              -
    Max Threads :                                -
    Run time :                                   3 sec.
    Turnaround time :                            5 sec.

The output (if any) is above this job summary.

