Running command: ./ckptscript.sh blender 1 2017
Running exports
GEM5_PATH is set to '/home/gsaileshwar/rowhammer_defense/aqua_gem5/gem5'
SPEC17_PATH is set to '/home/gsaileshwar/rowhammer_defense/spec2017/spec-cpu-2017-main'
CKPT_PATH is set to '/home/gsaileshwar/rowhammer_defense/aqua_gem5/cpts'
checkpoint directory:  /home/gsaileshwar/rowhammer_defense/aqua_gem5/cpts/multiprogram_16GBmem_25Bn.SPEC2017.C1/blender-1-ref-x86
output directory:  /home/gsaileshwar/rowhammer_defense/aqua_gem5/cpts/output/multiprogram_16GBmem_25Bn.SPEC2017.C1/checkpoint_out/blender
Command line:
./ckptscript.sh blender 1 2017
================= Hardcoded directories ==================
GEM5_PATH:                                     /home/gsaileshwar/rowhammer_defense/aqua_gem5/gem5
SPEC17_PATH:                                     /home/gsaileshwar/rowhammer_defense/spec2017/spec-cpu-2017-main
==================== Script inputs =======================
BENCHMARK:                                    blender
OUTPUT_DIR:                                   /home/gsaileshwar/rowhammer_defense/aqua_gem5/cpts/output/multiprogram_16GBmem_25Bn.SPEC2017.C1/checkpoint_out/blender
==========================================================



--------- Here goes nothing! Starting gem5! ------------



------------------------------------------------------------
Sender: LSF System <lsflin@dc7-sim-b20-074>
Subject: Job 1607886727: </home/gsaileshwar/rowhammer_defense/aqua_gem5/gem5/scripts/qsub_cmds/run_1/10_ckptscript.sh_blender_1_2017.sh> in cluster <nvidia> Exited

Job </home/gsaileshwar/rowhammer_defense/aqua_gem5/gem5/scripts/qsub_cmds/run_1/10_ckptscript.sh_blender_1_2017.sh> was submitted from host <sc-xterm-260> by user <gsaileshwar> in cluster <nvidia> at Mon Jun 12 15:00:19 2023
Job was executed on host(s) <dc7-sim-b20-074>, in queue <o_long>, as user <gsaileshwar> in cluster <nvidia> at Mon Jun 12 15:00:38 2023
</home/gsaileshwar> was used as the home directory.
</home/gsaileshwar/rowhammer_defense/aqua_gem5/gem5/scripts> was used as the working directory.
Started at Mon Jun 12 15:00:38 2023
Terminated at Mon Jun 12 16:41:31 2023
Results reported at Mon Jun 12 16:41:31 2023

Your job looked like:

------------------------------------------------------------
# LSBATCH: User input
/home/gsaileshwar/rowhammer_defense/aqua_gem5/gem5/scripts/qsub_cmds/run_1/10_ckptscript.sh_blender_1_2017.sh
------------------------------------------------------------

TERM_OWNER: job killed by owner.
Exited with signal termination: 14.

Resource usage summary:

    CPU time :                                   6044.00 sec.
    Max Memory :                                 688.89 MB
    Average Memory :                             544.63 MB
    Total Requested Memory :                     6000.00 MB
    Delta Memory :                               5311.11 MB
    Max Swap :                                   -
    Max Processes :                              1
    Max Threads :                                1
    Run time :                                   6071 sec.
    Turnaround time :                            6072 sec.

The output (if any) is above this job summary.

