Running command: ./ckptscript.sh mix14 4 2017
Running exports
GEM5_PATH is set to '/home/gsaileshwar/rowhammer_defense/aqua_gem5/gem5'
SPEC17_PATH is set to '/home/gsaileshwar/rowhammer_defense/spec2017/spec-cpu-2017-main'
CKPT_PATH is set to '/home/gsaileshwar/rowhammer_defense/aqua_gem5/cpts'
checkpoint directory:  /home/gsaileshwar/rowhammer_defense/aqua_gem5/cpts/multiprogram_16GBmem_25Bn.SPEC2017.C4/mix14-1-ref-x86
output directory:  /home/gsaileshwar/rowhammer_defense/aqua_gem5/cpts/output/multiprogram_16GBmem_25Bn.SPEC2017.C4/checkpoint_out/mix14
Command line:
./ckptscript.sh mix14 4 2017
================= Hardcoded directories ==================
GEM5_PATH:                                     /home/gsaileshwar/rowhammer_defense/aqua_gem5/gem5
SPEC17_PATH:                                     /home/gsaileshwar/rowhammer_defense/spec2017/spec-cpu-2017-main
==================== Script inputs =======================
BENCHMARK:                                    mix14
OUTPUT_DIR:                                   /home/gsaileshwar/rowhammer_defense/aqua_gem5/cpts/output/multiprogram_16GBmem_25Bn.SPEC2017.C4/checkpoint_out/mix14
==========================================================



--------- Here goes nothing! Starting gem5! ------------



------------------------------------------------------------
Sender: LSF System <lsflin@dc7-sim-h19-027>
Subject: Job 1607892611: </home/gsaileshwar/rowhammer_defense/aqua_gem5/gem5/scripts/qsub_cmds/run_1/50_ckptscript.sh_mix14_4_2017.sh> in cluster <nvidia> Exited

Job </home/gsaileshwar/rowhammer_defense/aqua_gem5/gem5/scripts/qsub_cmds/run_1/50_ckptscript.sh_mix14_4_2017.sh> was submitted from host <sc-xterm-260> by user <gsaileshwar> in cluster <nvidia> at Mon Jun 12 15:03:35 2023
Job was executed on host(s) <dc7-sim-h19-027>, in queue <o_long>, as user <gsaileshwar> in cluster <nvidia> at Mon Jun 12 15:03:58 2023
</home/gsaileshwar> was used as the home directory.
</home/gsaileshwar/rowhammer_defense/aqua_gem5/gem5/scripts> was used as the working directory.
Started at Mon Jun 12 15:03:58 2023
Terminated at Mon Jun 12 16:40:43 2023
Results reported at Mon Jun 12 16:40:43 2023

Your job looked like:

------------------------------------------------------------
# LSBATCH: User input
/home/gsaileshwar/rowhammer_defense/aqua_gem5/gem5/scripts/qsub_cmds/run_1/50_ckptscript.sh_mix14_4_2017.sh
------------------------------------------------------------

TERM_OWNER: job killed by owner.
Exited with signal termination: 14.

Resource usage summary:

    CPU time :                                   5793.00 sec.
    Max Memory :                                 1727.57 MB
    Average Memory :                             1573.83 MB
    Total Requested Memory :                     6000.00 MB
    Delta Memory :                               4272.43 MB
    Max Swap :                                   -
    Max Processes :                              1
    Max Threads :                                1
    Run time :                                   5809 sec.
    Turnaround time :                            5828 sec.

The output (if any) is above this job summary.

