Running command: ./ckptscript.sh lbm 1 2017
Running exports
GEM5_PATH is set to '/home/gsaileshwar/rowhammer_defense/aqua_gem5/gem5'
SPEC17_PATH is set to '/home/gsaileshwar/rowhammer_defense/spec2017/spec-cpu-2017-main'
CKPT_PATH is set to '/home/gsaileshwar/rowhammer_defense/aqua_gem5/cpts'
checkpoint directory:  /home/gsaileshwar/rowhammer_defense/aqua_gem5/cpts/multiprogram_16GBmem_25Bn.SPEC2017.C1/lbm-1-ref-x86
output directory:  /home/gsaileshwar/rowhammer_defense/aqua_gem5/cpts/output/multiprogram_16GBmem_25Bn.SPEC2017.C1/checkpoint_out/lbm
Command line:
./ckptscript.sh lbm 1 2017
================= Hardcoded directories ==================
GEM5_PATH:                                     /home/gsaileshwar/rowhammer_defense/aqua_gem5/gem5
SPEC17_PATH:                                     /home/gsaileshwar/rowhammer_defense/spec2017/spec-cpu-2017-main
==================== Script inputs =======================
BENCHMARK:                                    lbm
OUTPUT_DIR:                                   /home/gsaileshwar/rowhammer_defense/aqua_gem5/cpts/output/multiprogram_16GBmem_25Bn.SPEC2017.C1/checkpoint_out/lbm
==========================================================



--------- Here goes nothing! Starting gem5! ------------



------------------------------------------------------------
Sender: LSF System <lsflin@dc2-sim-c28-070>
Subject: Job 1607886394: </home/gsaileshwar/rowhammer_defense/aqua_gem5/gem5/scripts/qsub_cmds/run_1/8_ckptscript.sh_lbm_1_2017.sh> in cluster <nvidia> Exited

Job </home/gsaileshwar/rowhammer_defense/aqua_gem5/gem5/scripts/qsub_cmds/run_1/8_ckptscript.sh_lbm_1_2017.sh> was submitted from host <sc-xterm-260> by user <gsaileshwar> in cluster <nvidia> at Mon Jun 12 15:00:07 2023
Job was executed on host(s) <dc2-sim-c28-070>, in queue <o_long>, as user <gsaileshwar> in cluster <nvidia> at Mon Jun 12 15:00:27 2023
</home/gsaileshwar> was used as the home directory.
</home/gsaileshwar/rowhammer_defense/aqua_gem5/gem5/scripts> was used as the working directory.
Started at Mon Jun 12 15:00:27 2023
Terminated at Mon Jun 12 16:41:28 2023
Results reported at Mon Jun 12 16:41:28 2023

Your job looked like:

------------------------------------------------------------
# LSBATCH: User input
/home/gsaileshwar/rowhammer_defense/aqua_gem5/gem5/scripts/qsub_cmds/run_1/8_ckptscript.sh_lbm_1_2017.sh
------------------------------------------------------------

TERM_OWNER: job killed by owner.
Exited with signal termination: 14.

Resource usage summary:

    CPU time :                                   6053.00 sec.
    Max Memory :                                 514.31 MB
    Average Memory :                             508.57 MB
    Total Requested Memory :                     6000.00 MB
    Delta Memory :                               5485.69 MB
    Max Swap :                                   -
    Max Processes :                              1
    Max Threads :                                1
    Run time :                                   6060 sec.
    Turnaround time :                            6081 sec.

The output (if any) is above this job summary.

