Running command: ./runscript.sh mix14 PARA5.BR4.4C 4 2017 --rh_defense --rh_mitigation=PARA --rh_rfm_per_trefi=5 --rh_rfm_blast_radius=4 --rh_rfm_maxacts_per_trefi=166
Running exports
GEM5_PATH is set to '/home/gsaileshwar/rowhammer_defense/aqua_gem5/gem5'
SPEC17_PATH is set to '/home/gsaileshwar/rowhammer_defense/spec2017/spec-cpu-2017-main'
CKPT_PATH is set to '/home/gsaileshwar/rowhammer_defense/aqua_gem5/cpts'
RH_DEFENSE: --rh_defense is ENABLED
checkpoint directory:  /home/gsaileshwar/rowhammer_defense/aqua_gem5/cpts/multiprogram_16GBmem_25Bn.SPEC2017.C4/mix14-1-ref-x86
output directory:  /home/gsaileshwar/rowhammer_defense/aqua_gem5/gem5/stats/multiprogram_16GBmem_250Mn.SPEC2017.C4/PARA5.BR4.4C/mix14
Command line:
./runscript.sh mix14 PARA5.BR4.4C 4 2017 --rh_defense --rh_mitigation=PARA --rh_rfm_per_trefi=5 --rh_rfm_blast_radius=4 --rh_rfm_maxacts_per_trefi=166

------------------------------------------------------------
Sender: LSF System <lsflin@dc7-sim-e14-074>
Subject: Job 1716192688: </home/gsaileshwar/rowhammer_defense/aqua_gem5/gem5/scripts/qsub_cmds/run_70/33_runscript.sh_mix14_PARA5.BR4.4C_4_2017_--rh_defense_--rh_mitigation=PARA_--rh_rfm_per_trefi=5_--rh_rfm_blast_radius=4_--rh_rfm_maxacts_per_trefi=166.sh> in cluster <nvidia> Done

Job </home/gsaileshwar/rowhammer_defense/aqua_gem5/gem5/scripts/qsub_cmds/run_70/33_runscript.sh_mix14_PARA5.BR4.4C_4_2017_--rh_defense_--rh_mitigation=PARA_--rh_rfm_per_trefi=5_--rh_rfm_blast_radius=4_--rh_rfm_maxacts_per_trefi=166.sh> was submitted from host <sc-xterm-260> by user <gsaileshwar> in cluster <nvidia> at Fri Jul 21 17:47:49 2023
Job was executed on host(s) <dc7-sim-e14-074>, in queue <o_long>, as user <gsaileshwar> in cluster <nvidia> at Fri Jul 21 21:42:52 2023
</home/gsaileshwar> was used as the home directory.
</home/gsaileshwar/rowhammer_defense/aqua_gem5/gem5/scripts> was used as the working directory.
Started at Fri Jul 21 21:42:52 2023
Terminated at Fri Jul 21 22:50:49 2023
Results reported at Fri Jul 21 22:50:49 2023

Your job looked like:

------------------------------------------------------------
# LSBATCH: User input
/home/gsaileshwar/rowhammer_defense/aqua_gem5/gem5/scripts/qsub_cmds/run_70/33_runscript.sh_mix14_PARA5.BR4.4C_4_2017_--rh_defense_--rh_mitigation=PARA_--rh_rfm_per_trefi=5_--rh_rfm_blast_radius=4_--rh_rfm_maxacts_per_trefi=166.sh
------------------------------------------------------------

Successfully completed.

Resource usage summary:

    CPU time :                                   4060.00 sec.
    Max Memory :                                 1959.43 MB
    Average Memory :                             1840.71 MB
    Total Requested Memory :                     6000.00 MB
    Delta Memory :                               4040.57 MB
    Max Swap :                                   -
    Max Processes :                              1
    Max Threads :                                1
    Run time :                                   4080 sec.
    Turnaround time :                            18180 sec.

The output (if any) is above this job summary.

