Running command: ./runscript.sh roms AE.BASELINE.4C 4 2017
Running exports
GEM5_PATH is set to '/home/gsaileshwar/rowhammer_defense/aqua_gem5/gem5'
SPEC17_PATH is set to '/home/gsaileshwar/rowhammer_defense/spec2017/spec-cpu-2017-main'
CKPT_PATH is set to '/home/gsaileshwar/rowhammer_defense/aqua_gem5/cpts'
RH_DEFENSE is DISABLED
checkpoint directory:  /home/gsaileshwar/rowhammer_defense/aqua_gem5/cpts/multiprogram_16GBmem_25Bn.SPEC2017.C4/roms-1-ref-x86
output directory:  /home/gsaileshwar/rowhammer_defense/aqua_gem5/gem5/stats/multiprogram_16GBmem_250Mn.SPEC2017.C4/AE.BASELINE.4C//roms
Command line:
./runscript.sh roms AE.BASELINE.4C 4 2017

------------------------------------------------------------
Sender: LSF System <lsflin@dc7-sim-c23-022>
Subject: Job 1612684862: </home/gsaileshwar/rowhammer_defense/aqua_gem5/gem5/scripts/qsub_cmds/run_4/16_runscript.sh_roms_AE.BASELINE.4C_4_2017.sh> in cluster <nvidia> Exited

Job </home/gsaileshwar/rowhammer_defense/aqua_gem5/gem5/scripts/qsub_cmds/run_4/16_runscript.sh_roms_AE.BASELINE.4C_4_2017.sh> was submitted from host <sc-xterm-260> by user <gsaileshwar> in cluster <nvidia> at Wed Jun 14 10:58:57 2023
Job was executed on host(s) <dc7-sim-c23-022>, in queue <o_long>, as user <gsaileshwar> in cluster <nvidia> at Wed Jun 14 10:59:09 2023
</home/gsaileshwar> was used as the home directory.
</home/gsaileshwar/rowhammer_defense/aqua_gem5/gem5/scripts> was used as the working directory.
Started at Wed Jun 14 10:59:09 2023
Terminated at Wed Jun 14 11:10:57 2023
Results reported at Wed Jun 14 11:10:57 2023

Your job looked like:

------------------------------------------------------------
# LSBATCH: User input
/home/gsaileshwar/rowhammer_defense/aqua_gem5/gem5/scripts/qsub_cmds/run_4/16_runscript.sh_roms_AE.BASELINE.4C_4_2017.sh
------------------------------------------------------------

TERM_OWNER: job killed by owner.
Exited with signal termination: 14.

Resource usage summary:

    CPU time :                                   700.00 sec.
    Max Memory :                                 4044.27 MB
    Average Memory :                             3872.47 MB
    Total Requested Memory :                     6000.00 MB
    Delta Memory :                               1955.73 MB
    Max Swap :                                   -
    Max Processes :                              5
    Max Threads :                                6
    Run time :                                   710 sec.
    Turnaround time :                            720 sec.

The output (if any) is above this job summary.

