Running command: ./runscript.sh mix7 AE.BASELINE.4C 4 2017
Running exports
GEM5_PATH is set to '/home/gsaileshwar/rowhammer_defense/aqua_gem5/gem5'
SPEC17_PATH is set to '/home/gsaileshwar/rowhammer_defense/spec2017/spec-cpu-2017-main'
CKPT_PATH is set to '/home/gsaileshwar/rowhammer_defense/aqua_gem5/cpts'
RH_DEFENSE is DISABLED
checkpoint directory:  /home/gsaileshwar/rowhammer_defense/aqua_gem5/cpts/multiprogram_16GBmem_25Bn.SPEC2017.C4/mix7-1-ref-x86
output directory:  /home/gsaileshwar/rowhammer_defense/aqua_gem5/gem5/stats/multiprogram_16GBmem_250Mn.SPEC2017.C4/AE.BASELINE.4C//mix7
Command line:
./runscript.sh mix7 AE.BASELINE.4C 4 2017

------------------------------------------------------------
Sender: LSF System <lsflin@dc7-sim-d18-083>
Subject: Job 1612685197: </home/gsaileshwar/rowhammer_defense/aqua_gem5/gem5/scripts/qsub_cmds/run_4/25_runscript.sh_mix7_AE.BASELINE.4C_4_2017.sh> in cluster <nvidia> Exited

Job </home/gsaileshwar/rowhammer_defense/aqua_gem5/gem5/scripts/qsub_cmds/run_4/25_runscript.sh_mix7_AE.BASELINE.4C_4_2017.sh> was submitted from host <sc-xterm-260> by user <gsaileshwar> in cluster <nvidia> at Wed Jun 14 10:59:15 2023
Job was executed on host(s) <dc7-sim-d18-083>, in queue <o_long>, as user <gsaileshwar> in cluster <nvidia> at Wed Jun 14 10:59:48 2023
</home/gsaileshwar> was used as the home directory.
</home/gsaileshwar/rowhammer_defense/aqua_gem5/gem5/scripts> was used as the working directory.
Started at Wed Jun 14 10:59:48 2023
Terminated at Wed Jun 14 11:10:58 2023
Results reported at Wed Jun 14 11:10:58 2023

Your job looked like:

------------------------------------------------------------
# LSBATCH: User input
/home/gsaileshwar/rowhammer_defense/aqua_gem5/gem5/scripts/qsub_cmds/run_4/25_runscript.sh_mix7_AE.BASELINE.4C_4_2017.sh
------------------------------------------------------------

TERM_OWNER: job killed by owner.
Exited with signal termination: 14.

Resource usage summary:

    CPU time :                                   641.00 sec.
    Max Memory :                                 2317.93 MB
    Average Memory :                             2198.52 MB
    Total Requested Memory :                     6000.00 MB
    Delta Memory :                               3682.07 MB
    Max Swap :                                   -
    Max Processes :                              1
    Max Threads :                                1
    Run time :                                   698 sec.
    Turnaround time :                            703 sec.

The output (if any) is above this job summary.

