Running command: ./runscript.sh mix16 AE.BASELINE.4C 4 2017
Running exports
GEM5_PATH is set to '/home/gsaileshwar/rowhammer_defense/aqua_gem5/gem5'
SPEC17_PATH is set to '/home/gsaileshwar/rowhammer_defense/spec2017/spec-cpu-2017-main'
CKPT_PATH is set to '/home/gsaileshwar/rowhammer_defense/aqua_gem5/cpts'
RH_DEFENSE is DISABLED
checkpoint directory:  /home/gsaileshwar/rowhammer_defense/aqua_gem5/cpts/multiprogram_16GBmem_25Bn.SPEC2017.C4/mix16-1-ref-x86
output directory:  /home/gsaileshwar/rowhammer_defense/aqua_gem5/gem5/stats/multiprogram_16GBmem_250Mn.SPEC2017.C4/AE.BASELINE.4C//mix16
Command line:
./runscript.sh mix16 AE.BASELINE.4C 4 2017

------------------------------------------------------------
Sender: LSF System <lsflin@dc7-sim-b25-019>
Subject: Job 1612685890: </home/gsaileshwar/rowhammer_defense/aqua_gem5/gem5/scripts/qsub_cmds/run_4/34_runscript.sh_mix16_AE.BASELINE.4C_4_2017.sh> in cluster <nvidia> Exited

Job </home/gsaileshwar/rowhammer_defense/aqua_gem5/gem5/scripts/qsub_cmds/run_4/34_runscript.sh_mix16_AE.BASELINE.4C_4_2017.sh> was submitted from host <sc-xterm-260> by user <gsaileshwar> in cluster <nvidia> at Wed Jun 14 10:59:38 2023
Job was executed on host(s) <dc7-sim-b25-019>, in queue <o_long>, as user <gsaileshwar> in cluster <nvidia> at Wed Jun 14 10:59:57 2023
</home/gsaileshwar> was used as the home directory.
</home/gsaileshwar/rowhammer_defense/aqua_gem5/gem5/scripts> was used as the working directory.
Started at Wed Jun 14 10:59:57 2023
Terminated at Wed Jun 14 11:10:59 2023
Results reported at Wed Jun 14 11:10:59 2023

Your job looked like:

------------------------------------------------------------
# LSBATCH: User input
/home/gsaileshwar/rowhammer_defense/aqua_gem5/gem5/scripts/qsub_cmds/run_4/34_runscript.sh_mix16_AE.BASELINE.4C_4_2017.sh
------------------------------------------------------------

TERM_OWNER: job killed by owner.
Exited with signal termination: 14.

Resource usage summary:

    CPU time :                                   656.00 sec.
    Max Memory :                                 2367.89 MB
    Average Memory :                             2178.69 MB
    Total Requested Memory :                     6000.00 MB
    Delta Memory :                               3632.11 MB
    Max Swap :                                   -
    Max Processes :                              1
    Max Threads :                                1
    Run time :                                   662 sec.
    Turnaround time :                            681 sec.

The output (if any) is above this job summary.

