Running command: ./runscript.sh bwaves RFM1.BR2.4C 4 2017 --rh_defense --rh_mitigation=RFM --rh_rfm_per_trefi=1 --rh_rfm_blast_radius=2 --rh_rfm_maxacts_per_trefi=166
Running exports
GEM5_PATH is set to '/home/gsaileshwar/rowhammer_defense/aqua_gem5/gem5'
SPEC17_PATH is set to '/home/gsaileshwar/rowhammer_defense/spec2017/spec-cpu-2017-main'
CKPT_PATH is set to '/home/gsaileshwar/rowhammer_defense/aqua_gem5/cpts'
RH_DEFENSE: --rh_defense is ENABLED
checkpoint directory:  /home/gsaileshwar/rowhammer_defense/aqua_gem5/cpts/multiprogram_16GBmem_25Bn.SPEC2017.C4/bwaves-1-ref-x86
output directory:  /home/gsaileshwar/rowhammer_defense/aqua_gem5/gem5/stats/multiprogram_16GBmem_250Mn.SPEC2017.C4/RFM1.BR2.4C/bwaves
Command line:
./runscript.sh bwaves RFM1.BR2.4C 4 2017 --rh_defense --rh_mitigation=RFM --rh_rfm_per_trefi=1 --rh_rfm_blast_radius=2 --rh_rfm_maxacts_per_trefi=166

------------------------------------------------------------
Sender: LSF System <lsflin@dc7-sim-j20-208>
Subject: Job 1674967440: </home/gsaileshwar/rowhammer_defense/aqua_gem5/gem5/scripts/qsub_cmds/run_51/3_runscript.sh_bwaves_RFM1.BR2.4C_4_2017_--rh_defense_--rh_mitigation=RFM_--rh_rfm_per_trefi=1_--rh_rfm_blast_radius=2_--rh_rfm_maxacts_per_trefi=166.sh> in cluster <nvidia> Done

Job </home/gsaileshwar/rowhammer_defense/aqua_gem5/gem5/scripts/qsub_cmds/run_51/3_runscript.sh_bwaves_RFM1.BR2.4C_4_2017_--rh_defense_--rh_mitigation=RFM_--rh_rfm_per_trefi=1_--rh_rfm_blast_radius=2_--rh_rfm_maxacts_per_trefi=166.sh> was submitted from host <sc-xterm-260> by user <gsaileshwar> in cluster <nvidia> at Fri Jul  7 18:07:42 2023
Job was executed on host(s) <dc7-sim-j20-208>, in queue <o_long>, as user <gsaileshwar> in cluster <nvidia> at Fri Jul  7 22:31:55 2023
</home/gsaileshwar> was used as the home directory.
</home/gsaileshwar/rowhammer_defense/aqua_gem5/gem5/scripts> was used as the working directory.
Started at Fri Jul  7 22:31:55 2023
Terminated at Sat Jul  8 00:08:07 2023
Results reported at Sat Jul  8 00:08:07 2023

Your job looked like:

------------------------------------------------------------
# LSBATCH: User input
/home/gsaileshwar/rowhammer_defense/aqua_gem5/gem5/scripts/qsub_cmds/run_51/3_runscript.sh_bwaves_RFM1.BR2.4C_4_2017_--rh_defense_--rh_mitigation=RFM_--rh_rfm_per_trefi=1_--rh_rfm_blast_radius=2_--rh_rfm_maxacts_per_trefi=166.sh
------------------------------------------------------------

Successfully completed.

Resource usage summary:

    CPU time :                                   5701.00 sec.
    Max Memory :                                 3967.13 MB
    Average Memory :                             3922.17 MB
    Total Requested Memory :                     6000.00 MB
    Delta Memory :                               2032.87 MB
    Max Swap :                                   -
    Max Processes :                              1
    Max Threads :                                1
    Run time :                                   5788 sec.
    Turnaround time :                            21625 sec.

The output (if any) is above this job summary.

