Running command: ./runscript.sh nab PARA16.BR1.4C 4 2017 --rh_defense --rh_mitigation=PARA --rh_rfm_per_trefi=16 --rh_rfm_blast_radius=1 --rh_rfm_maxacts_per_trefi=166
Running exports
GEM5_PATH is set to '/home/gsaileshwar/rowhammer_defense/aqua_gem5/gem5'
SPEC17_PATH is set to '/home/gsaileshwar/rowhammer_defense/spec2017/spec-cpu-2017-main'
CKPT_PATH is set to '/home/gsaileshwar/rowhammer_defense/aqua_gem5/cpts'
RH_DEFENSE: --rh_defense is ENABLED
checkpoint directory:  /home/gsaileshwar/rowhammer_defense/aqua_gem5/cpts/multiprogram_16GBmem_25Bn.SPEC2017.C4/nab-1-ref-x86
output directory:  /home/gsaileshwar/rowhammer_defense/aqua_gem5/gem5/stats/multiprogram_16GBmem_250Mn.SPEC2017.C4/PARA16.BR1.4C/nab
Command line:
./runscript.sh nab PARA16.BR1.4C 4 2017 --rh_defense --rh_mitigation=PARA --rh_rfm_per_trefi=16 --rh_rfm_blast_radius=1 --rh_rfm_maxacts_per_trefi=166

------------------------------------------------------------
Sender: LSF System <lsflin@dc7-sim-g18-204>
Subject: Job 1718315299: </home/gsaileshwar/rowhammer_defense/aqua_gem5/gem5/scripts/qsub_cmds/run_71/15_runscript.sh_nab_PARA16.BR1.4C_4_2017_--rh_defense_--rh_mitigation=PARA_--rh_rfm_per_trefi=16_--rh_rfm_blast_radius=1_--rh_rfm_maxacts_per_trefi=166.sh> in cluster <nvidia> Done

Job </home/gsaileshwar/rowhammer_defense/aqua_gem5/gem5/scripts/qsub_cmds/run_71/15_runscript.sh_nab_PARA16.BR1.4C_4_2017_--rh_defense_--rh_mitigation=PARA_--rh_rfm_per_trefi=16_--rh_rfm_blast_radius=1_--rh_rfm_maxacts_per_trefi=166.sh> was submitted from host <dc7-sim-d12-083> by user <gsaileshwar> in cluster <nvidia> at Sat Jul 22 23:06:25 2023
Job was executed on host(s) <dc7-sim-g18-204>, in queue <o_long>, as user <gsaileshwar> in cluster <nvidia> at Sat Jul 22 23:06:42 2023
</home/gsaileshwar> was used as the home directory.
</home/gsaileshwar/rowhammer_defense/aqua_gem5/gem5/scripts> was used as the working directory.
Started at Sat Jul 22 23:06:42 2023
Terminated at Sun Jul 23 00:43:15 2023
Results reported at Sun Jul 23 00:43:15 2023

Your job looked like:

------------------------------------------------------------
# LSBATCH: User input
/home/gsaileshwar/rowhammer_defense/aqua_gem5/gem5/scripts/qsub_cmds/run_71/15_runscript.sh_nab_PARA16.BR1.4C_4_2017_--rh_defense_--rh_mitigation=PARA_--rh_rfm_per_trefi=16_--rh_rfm_blast_radius=1_--rh_rfm_maxacts_per_trefi=166.sh
------------------------------------------------------------

Successfully completed.

Resource usage summary:

    CPU time :                                   5762.00 sec.
    Max Memory :                                 794.18 MB
    Average Memory :                             789.76 MB
    Total Requested Memory :                     6000.00 MB
    Delta Memory :                               5205.82 MB
    Max Swap :                                   -
    Max Processes :                              4
    Max Threads :                                5
    Run time :                                   5793 sec.
    Turnaround time :                            5810 sec.

The output (if any) is above this job summary.

