Running command: ./runscript.sh mcf RFM8.BR2.4C 4 2017 --rh_defense --rh_mitigation=RFM --rh_rfm_per_trefi=8 --rh_rfm_blast_radius=2 --rh_rfm_maxacts_per_trefi=166
Running exports
GEM5_PATH is set to '/home/gsaileshwar/rowhammer_defense/aqua_gem5/gem5'
SPEC17_PATH is set to '/home/gsaileshwar/rowhammer_defense/spec2017/spec-cpu-2017-main'
CKPT_PATH is set to '/home/gsaileshwar/rowhammer_defense/aqua_gem5/cpts'
RH_DEFENSE: --rh_defense is ENABLED
checkpoint directory:  /home/gsaileshwar/rowhammer_defense/aqua_gem5/cpts/multiprogram_16GBmem_25Bn.SPEC2017.C4/mcf-1-ref-x86
output directory:  /home/gsaileshwar/rowhammer_defense/aqua_gem5/gem5/stats/multiprogram_16GBmem_250Mn.SPEC2017.C4/RFM8.BR2.4C/mcf
Command line:
./runscript.sh mcf RFM8.BR2.4C 4 2017 --rh_defense --rh_mitigation=RFM --rh_rfm_per_trefi=8 --rh_rfm_blast_radius=2 --rh_rfm_maxacts_per_trefi=166

------------------------------------------------------------
Sender: LSF System <lsflin@dc7-sim-g19-023>
Subject: Job 1674954014: </home/gsaileshwar/rowhammer_defense/aqua_gem5/gem5/scripts/qsub_cmds/run_48/4_runscript.sh_mcf_RFM8.BR2.4C_4_2017_--rh_defense_--rh_mitigation=RFM_--rh_rfm_per_trefi=8_--rh_rfm_blast_radius=2_--rh_rfm_maxacts_per_trefi=166.sh> in cluster <nvidia> Done

Job </home/gsaileshwar/rowhammer_defense/aqua_gem5/gem5/scripts/qsub_cmds/run_48/4_runscript.sh_mcf_RFM8.BR2.4C_4_2017_--rh_defense_--rh_mitigation=RFM_--rh_rfm_per_trefi=8_--rh_rfm_blast_radius=2_--rh_rfm_maxacts_per_trefi=166.sh> was submitted from host <sc-xterm-260> by user <gsaileshwar> in cluster <nvidia> at Fri Jul  7 18:00:25 2023
Job was executed on host(s) <dc7-sim-g19-023>, in queue <o_long>, as user <gsaileshwar> in cluster <nvidia> at Fri Jul  7 20:16:02 2023
</home/gsaileshwar> was used as the home directory.
</home/gsaileshwar/rowhammer_defense/aqua_gem5/gem5/scripts> was used as the working directory.
Started at Fri Jul  7 20:16:02 2023
Terminated at Sat Jul  8 00:16:02 2023
Results reported at Sat Jul  8 00:16:02 2023

Your job looked like:

------------------------------------------------------------
# LSBATCH: User input
/home/gsaileshwar/rowhammer_defense/aqua_gem5/gem5/scripts/qsub_cmds/run_48/4_runscript.sh_mcf_RFM8.BR2.4C_4_2017_--rh_defense_--rh_mitigation=RFM_--rh_rfm_per_trefi=8_--rh_rfm_blast_radius=2_--rh_rfm_maxacts_per_trefi=166.sh
------------------------------------------------------------

Successfully completed.

Resource usage summary:

    CPU time :                                   14377.00 sec.
    Max Memory :                                 219.59 MB
    Average Memory :                             218.88 MB
    Total Requested Memory :                     6000.00 MB
    Delta Memory :                               5780.41 MB
    Max Swap :                                   -
    Max Processes :                              1
    Max Threads :                                1
    Run time :                                   14401 sec.
    Turnaround time :                            22537 sec.

The output (if any) is above this job summary.

