Running command: ./runscript.sh mcf PARA4.BR1.4C 4 2017 --rh_defense --rh_mitigation=PARA --rh_rfm_per_trefi=4 --rh_rfm_blast_radius=1 --rh_rfm_maxacts_per_trefi=166
Running exports
GEM5_PATH is set to '/home/gsaileshwar/rowhammer_defense/aqua_gem5/gem5'
SPEC17_PATH is set to '/home/gsaileshwar/rowhammer_defense/spec2017/spec-cpu-2017-main'
CKPT_PATH is set to '/home/gsaileshwar/rowhammer_defense/aqua_gem5/cpts'
RH_DEFENSE: --rh_defense is ENABLED
checkpoint directory:  /home/gsaileshwar/rowhammer_defense/aqua_gem5/cpts/multiprogram_16GBmem_25Bn.SPEC2017.C4/mcf-1-ref-x86
output directory:  /home/gsaileshwar/rowhammer_defense/aqua_gem5/gem5/stats/multiprogram_16GBmem_250Mn.SPEC2017.C4/PARA4.BR1.4C/mcf
Command line:
./runscript.sh mcf PARA4.BR1.4C 4 2017 --rh_defense --rh_mitigation=PARA --rh_rfm_per_trefi=4 --rh_rfm_blast_radius=1 --rh_rfm_maxacts_per_trefi=166

------------------------------------------------------------
Sender: LSF System <lsflin@dc7-sim-c22-217>
Subject: Job 1722687664: </home/gsaileshwar/rowhammer_defense/aqua_gem5/gem5/scripts/qsub_cmds/run_153/3_runscript.sh_mcf_PARA4.BR1.4C_4_2017_--rh_defense_--rh_mitigation=PARA_--rh_rfm_per_trefi=4_--rh_rfm_blast_radius=1_--rh_rfm_maxacts_per_trefi=166.sh> in cluster <nvidia> Done

Job </home/gsaileshwar/rowhammer_defense/aqua_gem5/gem5/scripts/qsub_cmds/run_153/3_runscript.sh_mcf_PARA4.BR1.4C_4_2017_--rh_defense_--rh_mitigation=PARA_--rh_rfm_per_trefi=4_--rh_rfm_blast_radius=1_--rh_rfm_maxacts_per_trefi=166.sh> was submitted from host <dc7-sim-d12-083> by user <gsaileshwar> in cluster <nvidia> at Mon Jul 24 17:38:58 2023
Job was executed on host(s) <dc7-sim-c22-217>, in queue <o_long>, as user <gsaileshwar> in cluster <nvidia> at Mon Jul 24 18:54:33 2023
</home/gsaileshwar> was used as the home directory.
</home/gsaileshwar/rowhammer_defense/aqua_gem5/gem5/scripts> was used as the working directory.
Started at Mon Jul 24 18:54:33 2023
Terminated at Mon Jul 24 22:24:41 2023
Results reported at Mon Jul 24 22:24:41 2023

Your job looked like:

------------------------------------------------------------
# LSBATCH: User input
/home/gsaileshwar/rowhammer_defense/aqua_gem5/gem5/scripts/qsub_cmds/run_153/3_runscript.sh_mcf_PARA4.BR1.4C_4_2017_--rh_defense_--rh_mitigation=PARA_--rh_rfm_per_trefi=4_--rh_rfm_blast_radius=1_--rh_rfm_maxacts_per_trefi=166.sh
------------------------------------------------------------

Successfully completed.

Resource usage summary:

    CPU time :                                   12585.00 sec.
    Max Memory :                                 219.43 MB
    Average Memory :                             218.77 MB
    Total Requested Memory :                     6000.00 MB
    Delta Memory :                               5780.57 MB
    Max Swap :                                   -
    Max Processes :                              1
    Max Threads :                                1
    Run time :                                   12610 sec.
    Turnaround time :                            17143 sec.

The output (if any) is above this job summary.

