Running command: ./runscript.sh mix2 PARA16.BR1.4C 4 2017 --rh_defense --rh_mitigation=PARA --rh_rfm_per_trefi=16 --rh_rfm_blast_radius=1 --rh_rfm_maxacts_per_trefi=166
Running exports
GEM5_PATH is set to '/home/gsaileshwar/rowhammer_defense/aqua_gem5/gem5'
SPEC17_PATH is set to '/home/gsaileshwar/rowhammer_defense/spec2017/spec-cpu-2017-main'
CKPT_PATH is set to '/home/gsaileshwar/rowhammer_defense/aqua_gem5/cpts'
RH_DEFENSE: --rh_defense is ENABLED
checkpoint directory:  /home/gsaileshwar/rowhammer_defense/aqua_gem5/cpts/multiprogram_16GBmem_25Bn.SPEC2017.C4/mix2-1-ref-x86
output directory:  /home/gsaileshwar/rowhammer_defense/aqua_gem5/gem5/stats/multiprogram_16GBmem_250Mn.SPEC2017.C4/PARA16.BR1.4C/mix2
Command line:
./runscript.sh mix2 PARA16.BR1.4C 4 2017 --rh_defense --rh_mitigation=PARA --rh_rfm_per_trefi=16 --rh_rfm_blast_radius=1 --rh_rfm_maxacts_per_trefi=166

------------------------------------------------------------
Sender: LSF System <lsflin@dc7-sim-a16-214>
Subject: Job 1674979980: </home/gsaileshwar/rowhammer_defense/aqua_gem5/gem5/scripts/qsub_cmds/run_53/21_runscript.sh_mix2_PARA16.BR1.4C_4_2017_--rh_defense_--rh_mitigation=PARA_--rh_rfm_per_trefi=16_--rh_rfm_blast_radius=1_--rh_rfm_maxacts_per_trefi=166.sh> in cluster <nvidia> Done

Job </home/gsaileshwar/rowhammer_defense/aqua_gem5/gem5/scripts/qsub_cmds/run_53/21_runscript.sh_mix2_PARA16.BR1.4C_4_2017_--rh_defense_--rh_mitigation=PARA_--rh_rfm_per_trefi=16_--rh_rfm_blast_radius=1_--rh_rfm_maxacts_per_trefi=166.sh> was submitted from host <sc-xterm-260> by user <gsaileshwar> in cluster <nvidia> at Fri Jul  7 18:13:38 2023
Job was executed on host(s) <dc7-sim-a16-214>, in queue <o_long>, as user <gsaileshwar> in cluster <nvidia> at Fri Jul  7 23:19:14 2023
</home/gsaileshwar> was used as the home directory.
</home/gsaileshwar/rowhammer_defense/aqua_gem5/gem5/scripts> was used as the working directory.
Started at Fri Jul  7 23:19:14 2023
Terminated at Sat Jul  8 00:11:29 2023
Results reported at Sat Jul  8 00:11:29 2023

Your job looked like:

------------------------------------------------------------
# LSBATCH: User input
/home/gsaileshwar/rowhammer_defense/aqua_gem5/gem5/scripts/qsub_cmds/run_53/21_runscript.sh_mix2_PARA16.BR1.4C_4_2017_--rh_defense_--rh_mitigation=PARA_--rh_rfm_per_trefi=16_--rh_rfm_blast_radius=1_--rh_rfm_maxacts_per_trefi=166.sh
------------------------------------------------------------

Successfully completed.

Resource usage summary:

    CPU time :                                   3108.00 sec.
    Max Memory :                                 1468.16 MB
    Average Memory :                             1368.06 MB
    Total Requested Memory :                     6000.00 MB
    Delta Memory :                               4531.84 MB
    Max Swap :                                   -
    Max Processes :                              1
    Max Threads :                                1
    Run time :                                   3139 sec.
    Turnaround time :                            21471 sec.

The output (if any) is above this job summary.

