Running command: ./runscript.sh exchange2 RFM45.BR1.4C 4 2017 --rh_defense --rh_mitigation=RFM --rh_rfm_per_trefi=45 --rh_rfm_blast_radius=1 --rh_rfm_maxacts_per_trefi=166
Running exports
GEM5_PATH is set to '/home/gsaileshwar/rowhammer_defense/aqua_gem5/gem5'
SPEC17_PATH is set to '/home/gsaileshwar/rowhammer_defense/spec2017/spec-cpu-2017-main'
CKPT_PATH is set to '/home/gsaileshwar/rowhammer_defense/aqua_gem5/cpts'
RH_DEFENSE: --rh_defense is ENABLED
checkpoint directory:  /home/gsaileshwar/rowhammer_defense/aqua_gem5/cpts/multiprogram_16GBmem_25Bn.SPEC2017.C4/exchange2-1-ref-x86
output directory:  /home/gsaileshwar/rowhammer_defense/aqua_gem5/gem5/stats/multiprogram_16GBmem_250Mn.SPEC2017.C4/RFM45.BR1.4C/exchange2
Command line:
./runscript.sh exchange2 RFM45.BR1.4C 4 2017 --rh_defense --rh_mitigation=RFM --rh_rfm_per_trefi=45 --rh_rfm_blast_radius=1 --rh_rfm_maxacts_per_trefi=166

------------------------------------------------------------
Sender: LSF System <lsflin@dc7-sim-e14-085>
Subject: Job 1662773357: </home/gsaileshwar/rowhammer_defense/aqua_gem5/gem5/scripts/qsub_cmds/run_20/16_runscript.sh_exchange2_RFM45.BR1.4C_4_2017_--rh_defense_--rh_mitigation=RFM_--rh_rfm_per_trefi=45_--rh_rfm_blast_radius=1_--rh_rfm_maxacts_per_trefi=166.sh> in cluster <nvidia> Done

Job </home/gsaileshwar/rowhammer_defense/aqua_gem5/gem5/scripts/qsub_cmds/run_20/16_runscript.sh_exchange2_RFM45.BR1.4C_4_2017_--rh_defense_--rh_mitigation=RFM_--rh_rfm_per_trefi=45_--rh_rfm_blast_radius=1_--rh_rfm_maxacts_per_trefi=166.sh> was submitted from host <dc7-sim-d12-083> by user <gsaileshwar> in cluster <nvidia> at Mon Jul  3 19:15:36 2023
Job was executed on host(s) <dc7-sim-e14-085>, in queue <o_long>, as user <gsaileshwar> in cluster <nvidia> at Mon Jul  3 23:02:59 2023
</home/gsaileshwar> was used as the home directory.
</home/gsaileshwar/rowhammer_defense/aqua_gem5/gem5/scripts> was used as the working directory.
Started at Mon Jul  3 23:02:59 2023
Terminated at Tue Jul  4 02:07:07 2023
Results reported at Tue Jul  4 02:07:07 2023

Your job looked like:

------------------------------------------------------------
# LSBATCH: User input
/home/gsaileshwar/rowhammer_defense/aqua_gem5/gem5/scripts/qsub_cmds/run_20/16_runscript.sh_exchange2_RFM45.BR1.4C_4_2017_--rh_defense_--rh_mitigation=RFM_--rh_rfm_per_trefi=45_--rh_rfm_blast_radius=1_--rh_rfm_maxacts_per_trefi=166.sh
------------------------------------------------------------

Successfully completed.

Resource usage summary:

    CPU time :                                   11038.00 sec.
    Max Memory :                                 216.61 MB
    Average Memory :                             206.04 MB
    Total Requested Memory :                     6000.00 MB
    Delta Memory :                               5783.39 MB
    Max Swap :                                   -
    Max Processes :                              1
    Max Threads :                                1
    Run time :                                   11061 sec.
    Turnaround time :                            24691 sec.

The output (if any) is above this job summary.

