Running command: ./runscript.sh bwaves RFM1.BR1.4C 4 2017 --rh_defense --rh_mitigation=RFM --rh_rfm_per_trefi=1 --rh_rfm_blast_radius=1 --rh_rfm_maxacts_per_trefi=166
Running exports
GEM5_PATH is set to '/home/gsaileshwar/rowhammer_defense/aqua_gem5/gem5'
SPEC17_PATH is set to '/home/gsaileshwar/rowhammer_defense/spec2017/spec-cpu-2017-main'
CKPT_PATH is set to '/home/gsaileshwar/rowhammer_defense/aqua_gem5/cpts'
RH_DEFENSE: --rh_defense is ENABLED
checkpoint directory:  /home/gsaileshwar/rowhammer_defense/aqua_gem5/cpts/multiprogram_16GBmem_25Bn.SPEC2017.C4/bwaves-1-ref-x86
output directory:  /home/gsaileshwar/rowhammer_defense/aqua_gem5/gem5/stats/multiprogram_16GBmem_250Mn.SPEC2017.C4/RFM1.BR1.4C/bwaves
Command line:
./runscript.sh bwaves RFM1.BR1.4C 4 2017 --rh_defense --rh_mitigation=RFM --rh_rfm_per_trefi=1 --rh_rfm_blast_radius=1 --rh_rfm_maxacts_per_trefi=166

------------------------------------------------------------
Sender: LSF System <lsflin@dc7-sim-h14-214>
Subject: Job 1662780083: </home/gsaileshwar/rowhammer_defense/aqua_gem5/gem5/scripts/qsub_cmds/run_23/3_runscript.sh_bwaves_RFM1.BR1.4C_4_2017_--rh_defense_--rh_mitigation=RFM_--rh_rfm_per_trefi=1_--rh_rfm_blast_radius=1_--rh_rfm_maxacts_per_trefi=166.sh> in cluster <nvidia> Done

Job </home/gsaileshwar/rowhammer_defense/aqua_gem5/gem5/scripts/qsub_cmds/run_23/3_runscript.sh_bwaves_RFM1.BR1.4C_4_2017_--rh_defense_--rh_mitigation=RFM_--rh_rfm_per_trefi=1_--rh_rfm_blast_radius=1_--rh_rfm_maxacts_per_trefi=166.sh> was submitted from host <dc7-sim-d12-083> by user <gsaileshwar> in cluster <nvidia> at Mon Jul  3 19:18:44 2023
Job was executed on host(s) <dc7-sim-h14-214>, in queue <o_long>, as user <gsaileshwar> in cluster <nvidia> at Tue Jul  4 00:30:55 2023
</home/gsaileshwar> was used as the home directory.
</home/gsaileshwar/rowhammer_defense/aqua_gem5/gem5/scripts> was used as the working directory.
Started at Tue Jul  4 00:30:55 2023
Terminated at Tue Jul  4 02:12:05 2023
Results reported at Tue Jul  4 02:12:05 2023

Your job looked like:

------------------------------------------------------------
# LSBATCH: User input
/home/gsaileshwar/rowhammer_defense/aqua_gem5/gem5/scripts/qsub_cmds/run_23/3_runscript.sh_bwaves_RFM1.BR1.4C_4_2017_--rh_defense_--rh_mitigation=RFM_--rh_rfm_per_trefi=1_--rh_rfm_blast_radius=1_--rh_rfm_maxacts_per_trefi=166.sh
------------------------------------------------------------

Successfully completed.

Resource usage summary:

    CPU time :                                   6060.00 sec.
    Max Memory :                                 3967.23 MB
    Average Memory :                             3943.61 MB
    Total Requested Memory :                     6000.00 MB
    Delta Memory :                               2032.77 MB
    Max Swap :                                   -
    Max Processes :                              1
    Max Threads :                                1
    Run time :                                   6070 sec.
    Turnaround time :                            24801 sec.

The output (if any) is above this job summary.

