Running command: ./runscript.sh deepsjeng AE.AQUA.SRAM_TABLES.1K.4C 4 2017 --rh_defense --rh_mitigation=RQ --rh_actual_threshold=1000 --rh_rq_disable_rit_virt --rh_rq_cache_sets=256 --rh_rq_rows_per_btv_bit=16 --rh_rq_qr_size=23053 
Running exports
GEM5_PATH is set to '/home/gsaileshwar/rowhammer_defense/aqua_gem5/gem5'
SPEC17_PATH is set to '/home/gsaileshwar/rowhammer_defense/spec2017/spec-cpu-2017-main'
CKPT_PATH is set to '/home/gsaileshwar/rowhammer_defense/aqua_gem5/cpts'
RH_DEFENSE: --rh_defense is ENABLED
checkpoint directory:  /home/gsaileshwar/rowhammer_defense/aqua_gem5/cpts/multiprogram_16GBmem_25Bn.SPEC2017.C4/deepsjeng-1-ref-x86
output directory:  /home/gsaileshwar/rowhammer_defense/aqua_gem5/gem5/stats/multiprogram_16GBmem_250Mn.SPEC2017.C4/AE.AQUA.SRAM_TABLES.1K.4C//deepsjeng
Command line:
./runscript.sh deepsjeng AE.AQUA.SRAM_TABLES.1K.4C 4 2017 --rh_defense --rh_mitigation=RQ --rh_actual_threshold=1000 --rh_rq_disable_rit_virt --rh_rq_cache_sets=256 --rh_rq_rows_per_btv_bit=16 --rh_rq_qr_size=23053

------------------------------------------------------------
Sender: LSF System <lsflin@dc7-sim-j13-033>
Subject: Job 1612785686: </home/gsaileshwar/rowhammer_defense/aqua_gem5/gem5/scripts/qsub_cmds/run_8/12_runscript.sh_deepsjeng_AE.AQUA.SRAM_TABLES.1K.4C_4_2017_--rh_defense_--rh_mitigation=RQ_--rh_actual_threshold=1000_--rh_rq_disable_rit_virt_--rh_rq_cache_sets=256_--rh_rq_rows_per_btv_bit=16_--rh_rq_qr_size=23053_.sh> in cluster <nvidia> Done

Job </home/gsaileshwar/rowhammer_defense/aqua_gem5/gem5/scripts/qsub_cmds/run_8/12_runscript.sh_deepsjeng_AE.AQUA.SRAM_TABLES.1K.4C_4_2017_--rh_defense_--rh_mitigation=RQ_--rh_actual_threshold=1000_--rh_rq_disable_rit_virt_--rh_rq_cache_sets=256_--rh_rq_rows_per_btv_bit=16_--rh_rq_qr_size=23053_.sh> was submitted from host <sc-xterm-260> by user <gsaileshwar> in cluster <nvidia> at Wed Jun 14 11:43:13 2023
Job was executed on host(s) <dc7-sim-j13-033>, in queue <o_long>, as user <gsaileshwar> in cluster <nvidia> at Wed Jun 14 11:43:28 2023
</home/gsaileshwar> was used as the home directory.
</home/gsaileshwar/rowhammer_defense/aqua_gem5/gem5/scripts> was used as the working directory.
Started at Wed Jun 14 11:43:28 2023
Terminated at Wed Jun 14 14:05:06 2023
Results reported at Wed Jun 14 14:05:06 2023

Your job looked like:

------------------------------------------------------------
# LSBATCH: User input
/home/gsaileshwar/rowhammer_defense/aqua_gem5/gem5/scripts/qsub_cmds/run_8/12_runscript.sh_deepsjeng_AE.AQUA.SRAM_TABLES.1K.4C_4_2017_--rh_defense_--rh_mitigation=RQ_--rh_actual_threshold=1000_--rh_rq_disable_rit_virt_--rh_rq_cache_sets=256_--rh_rq_rows_per_btv_bit=16_--rh_rq_qr_size=23053_.sh
------------------------------------------------------------

Successfully completed.

Resource usage summary:

    CPU time :                                   8494.00 sec.
    Max Memory :                                 3387.72 MB
    Average Memory :                             3373.09 MB
    Total Requested Memory :                     6000.00 MB
    Delta Memory :                               2612.28 MB
    Max Swap :                                   -
    Max Processes :                              1
    Max Threads :                                1
    Run time :                                   8498 sec.
    Turnaround time :                            8513 sec.

The output (if any) is above this job summary.

