Running command: ./runscript.sh mix1 AE.AQUA.SRAM_TABLES.1K.4C 4 2017 --rh_defense --rh_mitigation=RQ --rh_actual_threshold=1000 --rh_rq_disable_rit_virt --rh_rq_cache_sets=256 --rh_rq_rows_per_btv_bit=16 --rh_rq_qr_size=23053 
Running exports
GEM5_PATH is set to '/home/gsaileshwar/rowhammer_defense/aqua_gem5/gem5'
SPEC17_PATH is set to '/home/gsaileshwar/rowhammer_defense/spec2017/spec-cpu-2017-main'
CKPT_PATH is set to '/home/gsaileshwar/rowhammer_defense/aqua_gem5/cpts'
RH_DEFENSE: --rh_defense is ENABLED
checkpoint directory:  /home/gsaileshwar/rowhammer_defense/aqua_gem5/cpts/multiprogram_16GBmem_25Bn.SPEC2017.C4/mix1-1-ref-x86
output directory:  /home/gsaileshwar/rowhammer_defense/aqua_gem5/gem5/stats/multiprogram_16GBmem_250Mn.SPEC2017.C4/AE.AQUA.SRAM_TABLES.1K.4C//mix1
Command line:
./runscript.sh mix1 AE.AQUA.SRAM_TABLES.1K.4C 4 2017 --rh_defense --rh_mitigation=RQ --rh_actual_threshold=1000 --rh_rq_disable_rit_virt --rh_rq_cache_sets=256 --rh_rq_rows_per_btv_bit=16 --rh_rq_qr_size=23053

------------------------------------------------------------
Sender: LSF System <lsflin@dc7-sim-h08-079>
Subject: Job 1612786674: </home/gsaileshwar/rowhammer_defense/aqua_gem5/gem5/scripts/qsub_cmds/run_8/20_runscript.sh_mix1_AE.AQUA.SRAM_TABLES.1K.4C_4_2017_--rh_defense_--rh_mitigation=RQ_--rh_actual_threshold=1000_--rh_rq_disable_rit_virt_--rh_rq_cache_sets=256_--rh_rq_rows_per_btv_bit=16_--rh_rq_qr_size=23053_.sh> in cluster <nvidia> Done

Job </home/gsaileshwar/rowhammer_defense/aqua_gem5/gem5/scripts/qsub_cmds/run_8/20_runscript.sh_mix1_AE.AQUA.SRAM_TABLES.1K.4C_4_2017_--rh_defense_--rh_mitigation=RQ_--rh_actual_threshold=1000_--rh_rq_disable_rit_virt_--rh_rq_cache_sets=256_--rh_rq_rows_per_btv_bit=16_--rh_rq_qr_size=23053_.sh> was submitted from host <sc-xterm-260> by user <gsaileshwar> in cluster <nvidia> at Wed Jun 14 11:43:36 2023
Job was executed on host(s) <dc7-sim-h08-079>, in queue <o_long>, as user <gsaileshwar> in cluster <nvidia> at Wed Jun 14 11:43:53 2023
</home/gsaileshwar> was used as the home directory.
</home/gsaileshwar/rowhammer_defense/aqua_gem5/gem5/scripts> was used as the working directory.
Started at Wed Jun 14 11:43:53 2023
Terminated at Wed Jun 14 13:32:14 2023
Results reported at Wed Jun 14 13:32:14 2023

Your job looked like:

------------------------------------------------------------
# LSBATCH: User input
/home/gsaileshwar/rowhammer_defense/aqua_gem5/gem5/scripts/qsub_cmds/run_8/20_runscript.sh_mix1_AE.AQUA.SRAM_TABLES.1K.4C_4_2017_--rh_defense_--rh_mitigation=RQ_--rh_actual_threshold=1000_--rh_rq_disable_rit_virt_--rh_rq_cache_sets=256_--rh_rq_rows_per_btv_bit=16_--rh_rq_qr_size=23053_.sh
------------------------------------------------------------

Successfully completed.

Resource usage summary:

    CPU time :                                   6467.00 sec.
    Max Memory :                                 2197.21 MB
    Average Memory :                             2161.36 MB
    Total Requested Memory :                     6000.00 MB
    Delta Memory :                               3802.79 MB
    Max Swap :                                   128 KB
    Max Processes :                              1
    Max Threads :                                1
    Run time :                                   6518 sec.
    Turnaround time :                            6518 sec.

The output (if any) is above this job summary.

