Running command: ./runscript.sh mix11 PARA45.BR4.4C 4 2017 --rh_defense --rh_mitigation=PARA --rh_rfm_per_trefi=45 --rh_rfm_blast_radius=4 --rh_rfm_maxacts_per_trefi=166
Running exports
GEM5_PATH is set to '/home/gsaileshwar/rowhammer_defense/aqua_gem5/gem5'
SPEC17_PATH is set to '/home/gsaileshwar/rowhammer_defense/spec2017/spec-cpu-2017-main'
CKPT_PATH is set to '/home/gsaileshwar/rowhammer_defense/aqua_gem5/cpts'
RH_DEFENSE: --rh_defense is ENABLED
checkpoint directory:  /home/gsaileshwar/rowhammer_defense/aqua_gem5/cpts/multiprogram_16GBmem_25Bn.SPEC2017.C4/mix11-1-ref-x86
output directory:  /home/gsaileshwar/rowhammer_defense/aqua_gem5/gem5/stats/multiprogram_16GBmem_250Mn.SPEC2017.C4/PARA45.BR4.4C/mix11
Command line:
./runscript.sh mix11 PARA45.BR4.4C 4 2017 --rh_defense --rh_mitigation=PARA --rh_rfm_per_trefi=45 --rh_rfm_blast_radius=4 --rh_rfm_maxacts_per_trefi=166

------------------------------------------------------------
Sender: LSF System <lsflin@dc7-sim-c21-156>
Subject: Job 1718328538: </home/gsaileshwar/rowhammer_defense/aqua_gem5/gem5/scripts/qsub_cmds/run_76/30_runscript.sh_mix11_PARA45.BR4.4C_4_2017_--rh_defense_--rh_mitigation=PARA_--rh_rfm_per_trefi=45_--rh_rfm_blast_radius=4_--rh_rfm_maxacts_per_trefi=166.sh> in cluster <nvidia> Done

Job </home/gsaileshwar/rowhammer_defense/aqua_gem5/gem5/scripts/qsub_cmds/run_76/30_runscript.sh_mix11_PARA45.BR4.4C_4_2017_--rh_defense_--rh_mitigation=PARA_--rh_rfm_per_trefi=45_--rh_rfm_blast_radius=4_--rh_rfm_maxacts_per_trefi=166.sh> was submitted from host <dc7-sim-d12-083> by user <gsaileshwar> in cluster <nvidia> at Sat Jul 22 23:14:53 2023
Job was executed on host(s) <dc7-sim-c21-156>, in queue <o_long>, as user <gsaileshwar> in cluster <nvidia> at Sun Jul 23 01:09:39 2023
</home/gsaileshwar> was used as the home directory.
</home/gsaileshwar/rowhammer_defense/aqua_gem5/gem5/scripts> was used as the working directory.
Started at Sun Jul 23 01:09:39 2023
Terminated at Sun Jul 23 02:35:31 2023
Results reported at Sun Jul 23 02:35:31 2023

Your job looked like:

------------------------------------------------------------
# LSBATCH: User input
/home/gsaileshwar/rowhammer_defense/aqua_gem5/gem5/scripts/qsub_cmds/run_76/30_runscript.sh_mix11_PARA45.BR4.4C_4_2017_--rh_defense_--rh_mitigation=PARA_--rh_rfm_per_trefi=45_--rh_rfm_blast_radius=4_--rh_rfm_maxacts_per_trefi=166.sh
------------------------------------------------------------

Successfully completed.

Resource usage summary:

    CPU time :                                   5118.00 sec.
    Max Memory :                                 1976.53 MB
    Average Memory :                             1955.15 MB
    Total Requested Memory :                     6000.00 MB
    Delta Memory :                               4023.47 MB
    Max Swap :                                   -
    Max Processes :                              1
    Max Threads :                                1
    Run time :                                   5152 sec.
    Turnaround time :                            12038 sec.

The output (if any) is above this job summary.

