Running command: ./runscript.sh mix2 AE.AQUA.SRAM_TABLES.1K.4C 4 2017 --rh_defense --rh_mitigation=RQ --rh_actual_threshold=1000 --rh_rq_disable_rit_virt --rh_rq_cache_sets=256 --rh_rq_rows_per_btv_bit=16 --rh_rq_qr_size=23053 
Running exports
GEM5_PATH is set to '/home/gsaileshwar/rowhammer_defense/aqua_gem5/gem5'
SPEC17_PATH is set to '/home/gsaileshwar/rowhammer_defense/spec2017/spec-cpu-2017-main'
CKPT_PATH is set to '/home/gsaileshwar/rowhammer_defense/aqua_gem5/cpts'
RH_DEFENSE: --rh_defense is ENABLED
checkpoint directory:  /home/gsaileshwar/rowhammer_defense/aqua_gem5/cpts/multiprogram_16GBmem_25Bn.SPEC2017.C4/mix2-1-ref-x86
output directory:  /home/gsaileshwar/rowhammer_defense/aqua_gem5/gem5/stats/multiprogram_16GBmem_250Mn.SPEC2017.C4/AE.AQUA.SRAM_TABLES.1K.4C/mix2
Command line:
./runscript.sh mix2 AE.AQUA.SRAM_TABLES.1K.4C 4 2017 --rh_defense --rh_mitigation=RQ --rh_actual_threshold=1000 --rh_rq_disable_rit_virt --rh_rq_cache_sets=256 --rh_rq_rows_per_btv_bit=16 --rh_rq_qr_size=23053

------------------------------------------------------------
Sender: LSF System <lsflin@dc7-sim-b13-032>
Subject: Job 1719697711: </home/gsaileshwar/rowhammer_defense/aqua_gem5/gem5/scripts/qsub_cmds/run_104/1_runscript.sh_mix2_AE.AQUA.SRAM_TABLES.1K.4C_4_2017_--rh_defense_--rh_mitigation=RQ_--rh_actual_threshold=1000_--rh_rq_disable_rit_virt_--rh_rq_cache_sets=256_--rh_rq_rows_per_btv_bit=16_--rh_rq_qr_size=23053_.sh> in cluster <nvidia> Done

Job </home/gsaileshwar/rowhammer_defense/aqua_gem5/gem5/scripts/qsub_cmds/run_104/1_runscript.sh_mix2_AE.AQUA.SRAM_TABLES.1K.4C_4_2017_--rh_defense_--rh_mitigation=RQ_--rh_actual_threshold=1000_--rh_rq_disable_rit_virt_--rh_rq_cache_sets=256_--rh_rq_rows_per_btv_bit=16_--rh_rq_qr_size=23053_.sh> was submitted from host <dc7-sim-d12-083> by user <gsaileshwar> in cluster <nvidia> at Sun Jul 23 16:46:54 2023
Job was executed on host(s) <dc7-sim-b13-032>, in queue <o_long>, as user <gsaileshwar> in cluster <nvidia> at Sun Jul 23 16:47:14 2023
</home/gsaileshwar> was used as the home directory.
</home/gsaileshwar/rowhammer_defense/aqua_gem5/gem5/scripts> was used as the working directory.
Started at Sun Jul 23 16:47:14 2023
Terminated at Sun Jul 23 16:47:20 2023
Results reported at Sun Jul 23 16:47:20 2023

Your job looked like:

------------------------------------------------------------
# LSBATCH: User input
/home/gsaileshwar/rowhammer_defense/aqua_gem5/gem5/scripts/qsub_cmds/run_104/1_runscript.sh_mix2_AE.AQUA.SRAM_TABLES.1K.4C_4_2017_--rh_defense_--rh_mitigation=RQ_--rh_actual_threshold=1000_--rh_rq_disable_rit_virt_--rh_rq_cache_sets=256_--rh_rq_rows_per_btv_bit=16_--rh_rq_qr_size=23053_.sh
------------------------------------------------------------

Successfully completed.

Resource usage summary:

    CPU time :                                   0.05 sec.
    Max Memory :                                 96.00 KB
    Average Memory :                             93.33 KB
    Total Requested Memory :                     6144000.00 KB
    Delta Memory :                               6143904.00 KB
    Max Swap :                                   -
    Max Processes :                              1
    Max Threads :                                1
    Run time :                                   16 sec.
    Turnaround time :                            26 sec.

The output (if any) is above this job summary.

