Running command: ./runscript.sh parest PARA16.BR2.4C 4 2017 --rh_defense --rh_mitigation=PARA --rh_rfm_per_trefi=16 --rh_rfm_blast_radius=2 --rh_rfm_maxacts_per_trefi=166
Running exports
GEM5_PATH is set to '/home/gsaileshwar/rowhammer_defense/aqua_gem5/gem5'
SPEC17_PATH is set to '/home/gsaileshwar/rowhammer_defense/spec2017/spec-cpu-2017-main'
CKPT_PATH is set to '/home/gsaileshwar/rowhammer_defense/aqua_gem5/cpts'
RH_DEFENSE: --rh_defense is ENABLED
checkpoint directory:  /home/gsaileshwar/rowhammer_defense/aqua_gem5/cpts/multiprogram_16GBmem_25Bn.SPEC2017.C4/parest-1-ref-x86
output directory:  /home/gsaileshwar/rowhammer_defense/aqua_gem5/gem5/stats/multiprogram_16GBmem_250Mn.SPEC2017.C4/PARA16.BR2.4C/parest
Command line:
./runscript.sh parest PARA16.BR2.4C 4 2017 --rh_defense --rh_mitigation=PARA --rh_rfm_per_trefi=16 --rh_rfm_blast_radius=2 --rh_rfm_maxacts_per_trefi=166

------------------------------------------------------------
Sender: LSF System <lsflin@dc7-sim-c12-073>
Subject: Job 1716149351: </home/gsaileshwar/rowhammer_defense/aqua_gem5/gem5/scripts/qsub_cmds/run_63/19_runscript.sh_parest_PARA16.BR2.4C_4_2017_--rh_defense_--rh_mitigation=PARA_--rh_rfm_per_trefi=16_--rh_rfm_blast_radius=2_--rh_rfm_maxacts_per_trefi=166.sh> in cluster <nvidia> Done

Job </home/gsaileshwar/rowhammer_defense/aqua_gem5/gem5/scripts/qsub_cmds/run_63/19_runscript.sh_parest_PARA16.BR2.4C_4_2017_--rh_defense_--rh_mitigation=PARA_--rh_rfm_per_trefi=16_--rh_rfm_blast_radius=2_--rh_rfm_maxacts_per_trefi=166.sh> was submitted from host <sc-xterm-260> by user <gsaileshwar> in cluster <nvidia> at Fri Jul 21 17:27:09 2023
Job was executed on host(s) <dc7-sim-c12-073>, in queue <o_long>, as user <gsaileshwar> in cluster <nvidia> at Fri Jul 21 17:28:20 2023
</home/gsaileshwar> was used as the home directory.
</home/gsaileshwar/rowhammer_defense/aqua_gem5/gem5/scripts> was used as the working directory.
Started at Fri Jul 21 17:28:20 2023
Terminated at Fri Jul 21 19:57:06 2023
Results reported at Fri Jul 21 19:57:06 2023

Your job looked like:

------------------------------------------------------------
# LSBATCH: User input
/home/gsaileshwar/rowhammer_defense/aqua_gem5/gem5/scripts/qsub_cmds/run_63/19_runscript.sh_parest_PARA16.BR2.4C_4_2017_--rh_defense_--rh_mitigation=PARA_--rh_rfm_per_trefi=16_--rh_rfm_blast_radius=2_--rh_rfm_maxacts_per_trefi=166.sh
------------------------------------------------------------

Successfully completed.

Resource usage summary:

    CPU time :                                   8846.00 sec.
    Max Memory :                                 934.34 MB
    Average Memory :                             927.31 MB
    Total Requested Memory :                     6000.00 MB
    Delta Memory :                               5065.66 MB
    Max Swap :                                   -
    Max Processes :                              4
    Max Threads :                                5
    Run time :                                   8930 sec.
    Turnaround time :                            8997 sec.

The output (if any) is above this job summary.

