Running command: ./runscript.sh mix9 RFM16.BR2.4C 4 2017 --rh_defense --rh_mitigation=RFM --rh_rfm_per_trefi=16 --rh_rfm_blast_radius=2 --rh_rfm_maxacts_per_trefi=166
Running exports
GEM5_PATH is set to '/home/gsaileshwar/rowhammer_defense/aqua_gem5/gem5'
SPEC17_PATH is set to '/home/gsaileshwar/rowhammer_defense/spec2017/spec-cpu-2017-main'
CKPT_PATH is set to '/home/gsaileshwar/rowhammer_defense/aqua_gem5/cpts'
RH_DEFENSE: --rh_defense is ENABLED
checkpoint directory:  /home/gsaileshwar/rowhammer_defense/aqua_gem5/cpts/multiprogram_16GBmem_25Bn.SPEC2017.C4/mix9-1-ref-x86
output directory:  /home/gsaileshwar/rowhammer_defense/aqua_gem5/gem5/stats/multiprogram_16GBmem_250Mn.SPEC2017.C4/RFM16.BR2.4C/mix9
Command line:
./runscript.sh mix9 RFM16.BR2.4C 4 2017 --rh_defense --rh_mitigation=RFM --rh_rfm_per_trefi=16 --rh_rfm_blast_radius=2 --rh_rfm_maxacts_per_trefi=166

------------------------------------------------------------
Sender: LSF System <lsflin@dc7-sim-g18-219>
Subject: Job 1668032788: </home/gsaileshwar/rowhammer_defense/aqua_gem5/gem5/scripts/qsub_cmds/run_37/28_runscript.sh_mix9_RFM16.BR2.4C_4_2017_--rh_defense_--rh_mitigation=RFM_--rh_rfm_per_trefi=16_--rh_rfm_blast_radius=2_--rh_rfm_maxacts_per_trefi=166.sh> in cluster <nvidia> Done

Job </home/gsaileshwar/rowhammer_defense/aqua_gem5/gem5/scripts/qsub_cmds/run_37/28_runscript.sh_mix9_RFM16.BR2.4C_4_2017_--rh_defense_--rh_mitigation=RFM_--rh_rfm_per_trefi=16_--rh_rfm_blast_radius=2_--rh_rfm_maxacts_per_trefi=166.sh> was submitted from host <sc-xterm-260> by user <gsaileshwar> in cluster <nvidia> at Wed Jul  5 19:09:27 2023
Job was executed on host(s) <dc7-sim-g18-219>, in queue <o_long>, as user <gsaileshwar> in cluster <nvidia> at Wed Jul  5 22:36:18 2023
</home/gsaileshwar> was used as the home directory.
</home/gsaileshwar/rowhammer_defense/aqua_gem5/gem5/scripts> was used as the working directory.
Started at Wed Jul  5 22:36:18 2023
Terminated at Thu Jul  6 00:53:28 2023
Results reported at Thu Jul  6 00:53:28 2023

Your job looked like:

------------------------------------------------------------
# LSBATCH: User input
/home/gsaileshwar/rowhammer_defense/aqua_gem5/gem5/scripts/qsub_cmds/run_37/28_runscript.sh_mix9_RFM16.BR2.4C_4_2017_--rh_defense_--rh_mitigation=RFM_--rh_rfm_per_trefi=16_--rh_rfm_blast_radius=2_--rh_rfm_maxacts_per_trefi=166.sh
------------------------------------------------------------

Successfully completed.

Resource usage summary:

    CPU time :                                   8193.00 sec.
    Max Memory :                                 2987.12 MB
    Average Memory :                             2851.04 MB
    Total Requested Memory :                     6000.00 MB
    Delta Memory :                               3012.88 MB
    Max Swap :                                   128 KB
    Max Processes :                              4
    Max Threads :                                5
    Run time :                                   8247 sec.
    Turnaround time :                            20641 sec.

The output (if any) is above this job summary.

