Running command: ./runscript.sh povray RFM2.BR4.4C 4 2017 --rh_defense --rh_mitigation=RFM --rh_rfm_per_trefi=2 --rh_rfm_blast_radius=4 --rh_rfm_maxacts_per_trefi=166
Running exports
GEM5_PATH is set to '/home/gsaileshwar/rowhammer_defense/aqua_gem5/gem5'
SPEC17_PATH is set to '/home/gsaileshwar/rowhammer_defense/spec2017/spec-cpu-2017-main'
CKPT_PATH is set to '/home/gsaileshwar/rowhammer_defense/aqua_gem5/cpts'
RH_DEFENSE: --rh_defense is ENABLED
checkpoint directory:  /home/gsaileshwar/rowhammer_defense/aqua_gem5/cpts/multiprogram_16GBmem_25Bn.SPEC2017.C4/povray-1-ref-x86
output directory:  /home/gsaileshwar/rowhammer_defense/aqua_gem5/gem5/stats/multiprogram_16GBmem_250Mn.SPEC2017.C4/RFM2.BR4.4C/povray
Command line:
./runscript.sh povray RFM2.BR4.4C 4 2017 --rh_defense --rh_mitigation=RFM --rh_rfm_per_trefi=2 --rh_rfm_blast_radius=4 --rh_rfm_maxacts_per_trefi=166

------------------------------------------------------------
Sender: LSF System <lsflin@dc7-sim-c21-151>
Subject: Job 1731933134: </home/gsaileshwar/rowhammer_defense/aqua_gem5/gem5/scripts/qsub_cmds/run_158/6_runscript.sh_povray_RFM2.BR4.4C_4_2017_--rh_defense_--rh_mitigation=RFM_--rh_rfm_per_trefi=2_--rh_rfm_blast_radius=4_--rh_rfm_maxacts_per_trefi=166.sh> in cluster <nvidia> Done

Job </home/gsaileshwar/rowhammer_defense/aqua_gem5/gem5/scripts/qsub_cmds/run_158/6_runscript.sh_povray_RFM2.BR4.4C_4_2017_--rh_defense_--rh_mitigation=RFM_--rh_rfm_per_trefi=2_--rh_rfm_blast_radius=4_--rh_rfm_maxacts_per_trefi=166.sh> was submitted from host <dc7-sim-d12-083> by user <gsaileshwar> in cluster <nvidia> at Thu Jul 27 14:13:00 2023
Job was executed on host(s) <dc7-sim-c21-151>, in queue <o_long>, as user <gsaileshwar> in cluster <nvidia> at Thu Jul 27 14:13:26 2023
</home/gsaileshwar> was used as the home directory.
</home/gsaileshwar/rowhammer_defense/aqua_gem5/gem5/scripts> was used as the working directory.
Started at Thu Jul 27 14:13:26 2023
Terminated at Thu Jul 27 16:04:47 2023
Results reported at Thu Jul 27 16:04:47 2023

Your job looked like:

------------------------------------------------------------
# LSBATCH: User input
/home/gsaileshwar/rowhammer_defense/aqua_gem5/gem5/scripts/qsub_cmds/run_158/6_runscript.sh_povray_RFM2.BR4.4C_4_2017_--rh_defense_--rh_mitigation=RFM_--rh_rfm_per_trefi=2_--rh_rfm_blast_radius=4_--rh_rfm_maxacts_per_trefi=166.sh
------------------------------------------------------------

Successfully completed.

Resource usage summary:

    CPU time :                                   6653.00 sec.
    Max Memory :                                 209.68 MB
    Average Memory :                             206.51 MB
    Total Requested Memory :                     6000.00 MB
    Delta Memory :                               5790.32 MB
    Max Swap :                                   -
    Max Processes :                              1
    Max Threads :                                1
    Run time :                                   6681 sec.
    Turnaround time :                            6707 sec.

The output (if any) is above this job summary.

