Running command: ./runscript.sh namd PARA45.BR2.4C 4 2017 --rh_defense --rh_mitigation=PARA --rh_rfm_per_trefi=45 --rh_rfm_blast_radius=2 --rh_rfm_maxacts_per_trefi=166
Running exports
GEM5_PATH is set to '/home/gsaileshwar/rowhammer_defense/aqua_gem5/gem5'
SPEC17_PATH is set to '/home/gsaileshwar/rowhammer_defense/spec2017/spec-cpu-2017-main'
CKPT_PATH is set to '/home/gsaileshwar/rowhammer_defense/aqua_gem5/cpts'
RH_DEFENSE: --rh_defense is ENABLED
checkpoint directory:  /home/gsaileshwar/rowhammer_defense/aqua_gem5/cpts/multiprogram_16GBmem_25Bn.SPEC2017.C4/namd-1-ref-x86
output directory:  /home/gsaileshwar/rowhammer_defense/aqua_gem5/gem5/stats/multiprogram_16GBmem_250Mn.SPEC2017.C4/PARA45.BR2.4C/namd
Command line:
./runscript.sh namd PARA45.BR2.4C 4 2017 --rh_defense --rh_mitigation=PARA --rh_rfm_per_trefi=45 --rh_rfm_blast_radius=2 --rh_rfm_maxacts_per_trefi=166

------------------------------------------------------------
Sender: LSF System <lsflin@dc7-sim-h07-016>
Subject: Job 1716166145: </home/gsaileshwar/rowhammer_defense/aqua_gem5/gem5/scripts/qsub_cmds/run_66/6_runscript.sh_namd_PARA45.BR2.4C_4_2017_--rh_defense_--rh_mitigation=PARA_--rh_rfm_per_trefi=45_--rh_rfm_blast_radius=2_--rh_rfm_maxacts_per_trefi=166.sh> in cluster <nvidia> Done

Job </home/gsaileshwar/rowhammer_defense/aqua_gem5/gem5/scripts/qsub_cmds/run_66/6_runscript.sh_namd_PARA45.BR2.4C_4_2017_--rh_defense_--rh_mitigation=PARA_--rh_rfm_per_trefi=45_--rh_rfm_blast_radius=2_--rh_rfm_maxacts_per_trefi=166.sh> was submitted from host <sc-xterm-260> by user <gsaileshwar> in cluster <nvidia> at Fri Jul 21 17:34:46 2023
Job was executed on host(s) <dc7-sim-h07-016>, in queue <o_long>, as user <gsaileshwar> in cluster <nvidia> at Fri Jul 21 18:52:27 2023
</home/gsaileshwar> was used as the home directory.
</home/gsaileshwar/rowhammer_defense/aqua_gem5/gem5/scripts> was used as the working directory.
Started at Fri Jul 21 18:52:27 2023
Terminated at Fri Jul 21 20:14:49 2023
Results reported at Fri Jul 21 20:14:49 2023

Your job looked like:

------------------------------------------------------------
# LSBATCH: User input
/home/gsaileshwar/rowhammer_defense/aqua_gem5/gem5/scripts/qsub_cmds/run_66/6_runscript.sh_namd_PARA45.BR2.4C_4_2017_--rh_defense_--rh_mitigation=PARA_--rh_rfm_per_trefi=45_--rh_rfm_blast_radius=2_--rh_rfm_maxacts_per_trefi=166.sh
------------------------------------------------------------

Successfully completed.

Resource usage summary:

    CPU time :                                   4926.00 sec.
    Max Memory :                                 859.37 MB
    Average Memory :                             853.16 MB
    Total Requested Memory :                     6000.00 MB
    Delta Memory :                               5140.63 MB
    Max Swap :                                   -
    Max Processes :                              1
    Max Threads :                                1
    Run time :                                   4956 sec.
    Turnaround time :                            9603 sec.

The output (if any) is above this job summary.

