Running command: ./runscript.sh mix1 RFM1.BR1.4C 4 2017 --rh_defense --rh_mitigation=RFM --rh_rfm_per_trefi=1 --rh_rfm_blast_radius=1 --rh_rfm_maxacts_per_trefi=170
Running exports
GEM5_PATH is set to '/home/gsaileshwar/rowhammer_defense/aqua_gem5/gem5'
SPEC17_PATH is set to '/home/gsaileshwar/rowhammer_defense/spec2017/spec-cpu-2017-main'
CKPT_PATH is set to '/home/gsaileshwar/rowhammer_defense/aqua_gem5/cpts'
RH_DEFENSE: --rh_defense is ENABLED
checkpoint directory:  /home/gsaileshwar/rowhammer_defense/aqua_gem5/cpts/multiprogram_16GBmem_25Bn.SPEC2017.C4/mix1-1-ref-x86
output directory:  /home/gsaileshwar/rowhammer_defense/aqua_gem5/gem5/stats/multiprogram_16GBmem_250Mn.SPEC2017.C4/RFM1.BR1.4C/mix1
Command line:
./runscript.sh mix1 RFM1.BR1.4C 4 2017 --rh_defense --rh_mitigation=RFM --rh_rfm_per_trefi=1 --rh_rfm_blast_radius=1 --rh_rfm_maxacts_per_trefi=170

------------------------------------------------------------
Sender: LSF System <lsflin@dc7-sim-h10-209>
Subject: Job 1662222704: </home/gsaileshwar/rowhammer_defense/aqua_gem5/gem5/scripts/qsub_cmds/run_9/20_runscript.sh_mix1_RFM1.BR1.4C_4_2017_--rh_defense_--rh_mitigation=RFM_--rh_rfm_per_trefi=1_--rh_rfm_blast_radius=1_--rh_rfm_maxacts_per_trefi=170.sh> in cluster <nvidia> Done

Job </home/gsaileshwar/rowhammer_defense/aqua_gem5/gem5/scripts/qsub_cmds/run_9/20_runscript.sh_mix1_RFM1.BR1.4C_4_2017_--rh_defense_--rh_mitigation=RFM_--rh_rfm_per_trefi=1_--rh_rfm_blast_radius=1_--rh_rfm_maxacts_per_trefi=170.sh> was submitted from host <dc7-sim-d12-083> by user <gsaileshwar> in cluster <nvidia> at Mon Jul  3 15:17:38 2023
Job was executed on host(s) <dc7-sim-h10-209>, in queue <o_long>, as user <gsaileshwar> in cluster <nvidia> at Mon Jul  3 15:17:58 2023
</home/gsaileshwar> was used as the home directory.
</home/gsaileshwar/rowhammer_defense/aqua_gem5/gem5/scripts> was used as the working directory.
Started at Mon Jul  3 15:17:58 2023
Terminated at Mon Jul  3 17:17:38 2023
Results reported at Mon Jul  3 17:17:38 2023

Your job looked like:

------------------------------------------------------------
# LSBATCH: User input
/home/gsaileshwar/rowhammer_defense/aqua_gem5/gem5/scripts/qsub_cmds/run_9/20_runscript.sh_mix1_RFM1.BR1.4C_4_2017_--rh_defense_--rh_mitigation=RFM_--rh_rfm_per_trefi=1_--rh_rfm_blast_radius=1_--rh_rfm_maxacts_per_trefi=170.sh
------------------------------------------------------------

Successfully completed.

Resource usage summary:

    CPU time :                                   7169.00 sec.
    Max Memory :                                 2144.81 MB
    Average Memory :                             2126.90 MB
    Total Requested Memory :                     6000.00 MB
    Delta Memory :                               3855.19 MB
    Max Swap :                                   -
    Max Processes :                              1
    Max Threads :                                1
    Run time :                                   7200 sec.
    Turnaround time :                            7200 sec.

The output (if any) is above this job summary.

