Running command: ./runscript.sh mix8 PARA33.BR4.4C 4 2017 --rh_defense --rh_mitigation=PARA --rh_rfm_per_trefi=33 --rh_rfm_blast_radius=4 --rh_rfm_maxacts_per_trefi=166
Running exports
GEM5_PATH is set to '/home/gsaileshwar/rowhammer_defense/aqua_gem5/gem5'
SPEC17_PATH is set to '/home/gsaileshwar/rowhammer_defense/spec2017/spec-cpu-2017-main'
CKPT_PATH is set to '/home/gsaileshwar/rowhammer_defense/aqua_gem5/cpts'
RH_DEFENSE: --rh_defense is ENABLED
checkpoint directory:  /home/gsaileshwar/rowhammer_defense/aqua_gem5/cpts/multiprogram_16GBmem_25Bn.SPEC2017.C4/mix8-1-ref-x86
output directory:  /home/gsaileshwar/rowhammer_defense/aqua_gem5/gem5/stats/multiprogram_16GBmem_250Mn.SPEC2017.C4/PARA33.BR4.4C/mix8
Command line:
./runscript.sh mix8 PARA33.BR4.4C 4 2017 --rh_defense --rh_mitigation=PARA --rh_rfm_per_trefi=33 --rh_rfm_blast_radius=4 --rh_rfm_maxacts_per_trefi=166

------------------------------------------------------------
Sender: LSF System <lsflin@dc7-sim-c14-213>
Subject: Job 1722686080: </home/gsaileshwar/rowhammer_defense/aqua_gem5/gem5/scripts/qsub_cmds/run_152/26_runscript.sh_mix8_PARA33.BR4.4C_4_2017_--rh_defense_--rh_mitigation=PARA_--rh_rfm_per_trefi=33_--rh_rfm_blast_radius=4_--rh_rfm_maxacts_per_trefi=166.sh> in cluster <nvidia> Done

Job </home/gsaileshwar/rowhammer_defense/aqua_gem5/gem5/scripts/qsub_cmds/run_152/26_runscript.sh_mix8_PARA33.BR4.4C_4_2017_--rh_defense_--rh_mitigation=PARA_--rh_rfm_per_trefi=33_--rh_rfm_blast_radius=4_--rh_rfm_maxacts_per_trefi=166.sh> was submitted from host <dc7-sim-d12-083> by user <gsaileshwar> in cluster <nvidia> at Mon Jul 24 17:38:01 2023
Job was executed on host(s) <dc7-sim-c14-213>, in queue <o_long>, as user <gsaileshwar> in cluster <nvidia> at Mon Jul 24 18:41:02 2023
</home/gsaileshwar> was used as the home directory.
</home/gsaileshwar/rowhammer_defense/aqua_gem5/gem5/scripts> was used as the working directory.
Started at Mon Jul 24 18:41:02 2023
Terminated at Mon Jul 24 21:34:04 2023
Results reported at Mon Jul 24 21:34:04 2023

Your job looked like:

------------------------------------------------------------
# LSBATCH: User input
/home/gsaileshwar/rowhammer_defense/aqua_gem5/gem5/scripts/qsub_cmds/run_152/26_runscript.sh_mix8_PARA33.BR4.4C_4_2017_--rh_defense_--rh_mitigation=PARA_--rh_rfm_per_trefi=33_--rh_rfm_blast_radius=4_--rh_rfm_maxacts_per_trefi=166.sh
------------------------------------------------------------

Successfully completed.

Resource usage summary:

    CPU time :                                   10376.00 sec.
    Max Memory :                                 1752.69 MB
    Average Memory :                             1743.87 MB
    Total Requested Memory :                     6000.00 MB
    Delta Memory :                               4247.31 MB
    Max Swap :                                   -
    Max Processes :                              1
    Max Threads :                                1
    Run time :                                   10383 sec.
    Turnaround time :                            14163 sec.

The output (if any) is above this job summary.

