Running command: ./runscript.sh mix3 PARA5.BR2.4C 4 2017 --rh_defense --rh_mitigation=PARA --rh_rfm_per_trefi=5 --rh_rfm_blast_radius=2 --rh_rfm_maxacts_per_trefi=166
Running exports
GEM5_PATH is set to '/home/gsaileshwar/rowhammer_defense/aqua_gem5/gem5'
SPEC17_PATH is set to '/home/gsaileshwar/rowhammer_defense/spec2017/spec-cpu-2017-main'
CKPT_PATH is set to '/home/gsaileshwar/rowhammer_defense/aqua_gem5/cpts'
RH_DEFENSE: --rh_defense is ENABLED
checkpoint directory:  /home/gsaileshwar/rowhammer_defense/aqua_gem5/cpts/multiprogram_16GBmem_25Bn.SPEC2017.C4/mix3-1-ref-x86
output directory:  /home/gsaileshwar/rowhammer_defense/aqua_gem5/gem5/stats/multiprogram_16GBmem_250Mn.SPEC2017.C4/PARA5.BR2.4C/mix3
Command line:
./runscript.sh mix3 PARA5.BR2.4C 4 2017 --rh_defense --rh_mitigation=PARA --rh_rfm_per_trefi=5 --rh_rfm_blast_radius=2 --rh_rfm_maxacts_per_trefi=166

------------------------------------------------------------
Sender: LSF System <lsflin@dc7-sim-e14-085>
Subject: Job 1718332550: </home/gsaileshwar/rowhammer_defense/aqua_gem5/gem5/scripts/qsub_cmds/run_78/22_runscript.sh_mix3_PARA5.BR2.4C_4_2017_--rh_defense_--rh_mitigation=PARA_--rh_rfm_per_trefi=5_--rh_rfm_blast_radius=2_--rh_rfm_maxacts_per_trefi=166.sh> in cluster <nvidia> Done

Job </home/gsaileshwar/rowhammer_defense/aqua_gem5/gem5/scripts/qsub_cmds/run_78/22_runscript.sh_mix3_PARA5.BR2.4C_4_2017_--rh_defense_--rh_mitigation=PARA_--rh_rfm_per_trefi=5_--rh_rfm_blast_radius=2_--rh_rfm_maxacts_per_trefi=166.sh> was submitted from host <dc7-sim-d12-083> by user <gsaileshwar> in cluster <nvidia> at Sat Jul 22 23:17:26 2023
Job was executed on host(s) <dc7-sim-e14-085>, in queue <o_long>, as user <gsaileshwar> in cluster <nvidia> at Sun Jul 23 01:58:40 2023
</home/gsaileshwar> was used as the home directory.
</home/gsaileshwar/rowhammer_defense/aqua_gem5/gem5/scripts> was used as the working directory.
Started at Sun Jul 23 01:58:40 2023
Terminated at Sun Jul 23 03:38:17 2023
Results reported at Sun Jul 23 03:38:17 2023

Your job looked like:

------------------------------------------------------------
# LSBATCH: User input
/home/gsaileshwar/rowhammer_defense/aqua_gem5/gem5/scripts/qsub_cmds/run_78/22_runscript.sh_mix3_PARA5.BR2.4C_4_2017_--rh_defense_--rh_mitigation=PARA_--rh_rfm_per_trefi=5_--rh_rfm_blast_radius=2_--rh_rfm_maxacts_per_trefi=166.sh
------------------------------------------------------------

Successfully completed.

Resource usage summary:

    CPU time :                                   5951.00 sec.
    Max Memory :                                 1650.61 MB
    Average Memory :                             1634.94 MB
    Total Requested Memory :                     6000.00 MB
    Delta Memory :                               4349.39 MB
    Max Swap :                                   -
    Max Processes :                              4
    Max Threads :                                5
    Run time :                                   5998 sec.
    Turnaround time :                            15651 sec.

The output (if any) is above this job summary.

