Running command: ./ckptscript.sh gcc 1 2017
Running exports
GEM5_PATH is set to '/home/gsaileshwar/rowhammer_defense/aqua_gem5/gem5'
SPEC17_PATH is set to '/home/gsaileshwar/rowhammer_defense/spec2017/spec-cpu-2017-main'
CKPT_PATH is set to '/home/gsaileshwar/rowhammer_defense/aqua_gem5/cpts'
checkpoint directory:  /home/gsaileshwar/rowhammer_defense/aqua_gem5/cpts/multiprogram_16GBmem_25Bn.SPEC2017.C1/gcc-1-ref-x86
output directory:  /home/gsaileshwar/rowhammer_defense/aqua_gem5/cpts/output/multiprogram_16GBmem_25Bn.SPEC2017.C1/checkpoint_out/gcc
Command line:
./ckptscript.sh gcc 1 2017
================= Hardcoded directories ==================
GEM5_PATH:                                     /home/gsaileshwar/rowhammer_defense/aqua_gem5/gem5
SPEC17_PATH:                                     /home/gsaileshwar/rowhammer_defense/spec2017/spec-cpu-2017-main
==================== Script inputs =======================
BENCHMARK:                                    gcc
OUTPUT_DIR:                                   /home/gsaileshwar/rowhammer_defense/aqua_gem5/cpts/output/multiprogram_16GBmem_25Bn.SPEC2017.C1/checkpoint_out/gcc
==========================================================



--------- Here goes nothing! Starting gem5! ------------



------------------------------------------------------------
Sender: LSF System <lsflin@dc7-sim-h17-157>
Subject: Job 1608243585: </home/gsaileshwar/rowhammer_defense/aqua_gem5/gem5/scripts/qsub_cmds/run_3/2_ckptscript.sh_gcc_1_2017.sh> in cluster <nvidia> Done

Job </home/gsaileshwar/rowhammer_defense/aqua_gem5/gem5/scripts/qsub_cmds/run_3/2_ckptscript.sh_gcc_1_2017.sh> was submitted from host <sc-xterm-260> by user <gsaileshwar> in cluster <nvidia> at Mon Jun 12 18:20:45 2023
Job was executed on host(s) <dc7-sim-h17-157>, in queue <o_long>, as user <gsaileshwar> in cluster <nvidia> at Mon Jun 12 18:21:02 2023
</home/gsaileshwar> was used as the home directory.
</home/gsaileshwar/rowhammer_defense/aqua_gem5/gem5/scripts> was used as the working directory.
Started at Mon Jun 12 18:21:02 2023
Terminated at Tue Jun 13 00:11:48 2023
Results reported at Tue Jun 13 00:11:48 2023

Your job looked like:

------------------------------------------------------------
# LSBATCH: User input
/home/gsaileshwar/rowhammer_defense/aqua_gem5/gem5/scripts/qsub_cmds/run_3/2_ckptscript.sh_gcc_1_2017.sh
------------------------------------------------------------

Successfully completed.

Resource usage summary:

    CPU time :                                   21005.00 sec.
    Max Memory :                                 1248.59 MB
    Average Memory :                             840.21 MB
    Total Requested Memory :                     6000.00 MB
    Delta Memory :                               4751.41 MB
    Max Swap :                                   -
    Max Processes :                              1
    Max Threads :                                1
    Run time :                                   21079 sec.
    Turnaround time :                            21063 sec.

The output (if any) is above this job summary.

