Running command: ./ckptscript.sh exchange2 4 2017
Running exports
GEM5_PATH is set to '/home/gsaileshwar/rowhammer_defense/aqua_gem5/gem5'
SPEC17_PATH is set to '/home/gsaileshwar/rowhammer_defense/spec2017/spec-cpu-2017-main'
CKPT_PATH is set to '/home/gsaileshwar/rowhammer_defense/aqua_gem5/cpts'
checkpoint directory:  /home/gsaileshwar/rowhammer_defense/aqua_gem5/cpts/multiprogram_16GBmem_25Bn.SPEC2017.C4/exchange2-1-ref-x86
output directory:  /home/gsaileshwar/rowhammer_defense/aqua_gem5/cpts/output/multiprogram_16GBmem_25Bn.SPEC2017.C4/checkpoint_out/exchange2
Command line:
./ckptscript.sh exchange2 4 2017
================= Hardcoded directories ==================
GEM5_PATH:                                     /home/gsaileshwar/rowhammer_defense/aqua_gem5/gem5
SPEC17_PATH:                                     /home/gsaileshwar/rowhammer_defense/spec2017/spec-cpu-2017-main
==================== Script inputs =======================
BENCHMARK:                                    exchange2
OUTPUT_DIR:                                   /home/gsaileshwar/rowhammer_defense/aqua_gem5/cpts/output/multiprogram_16GBmem_25Bn.SPEC2017.C4/checkpoint_out/exchange2
==========================================================



--------- Here goes nothing! Starting gem5! ------------



------------------------------------------------------------
Sender: LSF System <lsflin@dc7-sim-h05-148>
Subject: Job 1608246667: </home/gsaileshwar/rowhammer_defense/aqua_gem5/gem5/scripts/qsub_cmds/run_3/33_ckptscript.sh_exchange2_4_2017.sh> in cluster <nvidia> Done

Job </home/gsaileshwar/rowhammer_defense/aqua_gem5/gem5/scripts/qsub_cmds/run_3/33_ckptscript.sh_exchange2_4_2017.sh> was submitted from host <sc-xterm-260> by user <gsaileshwar> in cluster <nvidia> at Mon Jun 12 18:22:47 2023
Job was executed on host(s) <dc7-sim-h05-148>, in queue <o_long>, as user <gsaileshwar> in cluster <nvidia> at Mon Jun 12 18:23:01 2023
</home/gsaileshwar> was used as the home directory.
</home/gsaileshwar/rowhammer_defense/aqua_gem5/gem5/scripts> was used as the working directory.
Started at Mon Jun 12 18:23:01 2023
Terminated at Tue Jun 13 23:58:33 2023
Results reported at Tue Jun 13 23:58:33 2023

Your job looked like:

------------------------------------------------------------
# LSBATCH: User input
/home/gsaileshwar/rowhammer_defense/aqua_gem5/gem5/scripts/qsub_cmds/run_3/33_ckptscript.sh_exchange2_4_2017.sh
------------------------------------------------------------

Successfully completed.

Resource usage summary:

    CPU time :                                   106459.00 sec.
    Max Memory :                                 294.54 MB
    Average Memory :                             291.77 MB
    Total Requested Memory :                     6000.00 MB
    Delta Memory :                               5705.46 MB
    Max Swap :                                   -
    Max Processes :                              1
    Max Threads :                                1
    Run time :                                   106557 sec.
    Turnaround time :                            106546 sec.

The output (if any) is above this job summary.

