Running command: ./runscript.sh wrf RFM2.BR1.4C 4 2017 --rh_defense --rh_mitigation=RFM --rh_rfm_per_trefi=2 --rh_rfm_blast_radius=1 --rh_rfm_maxacts_per_trefi=166
Running exports
GEM5_PATH is set to '/home/gsaileshwar/rowhammer_defense/aqua_gem5/gem5'
SPEC17_PATH is set to '/home/gsaileshwar/rowhammer_defense/spec2017/spec-cpu-2017-main'
CKPT_PATH is set to '/home/gsaileshwar/rowhammer_defense/aqua_gem5/cpts'
RH_DEFENSE: --rh_defense is ENABLED
checkpoint directory:  /home/gsaileshwar/rowhammer_defense/aqua_gem5/cpts/multiprogram_16GBmem_25Bn.SPEC2017.C4/wrf-1-ref-x86
output directory:  /home/gsaileshwar/rowhammer_defense/aqua_gem5/gem5/stats/multiprogram_16GBmem_250Mn.SPEC2017.C4/RFM2.BR1.4C/wrf
Command line:
./runscript.sh wrf RFM2.BR1.4C 4 2017 --rh_defense --rh_mitigation=RFM --rh_rfm_per_trefi=2 --rh_rfm_blast_radius=1 --rh_rfm_maxacts_per_trefi=166

------------------------------------------------------------
Sender: LSF System <lsflin@dc7-sim-e11-156>
Subject: Job 1670234167: </home/gsaileshwar/rowhammer_defense/aqua_gem5/gem5/scripts/qsub_cmds/run_43/9_runscript.sh_wrf_RFM2.BR1.4C_4_2017_--rh_defense_--rh_mitigation=RFM_--rh_rfm_per_trefi=2_--rh_rfm_blast_radius=1_--rh_rfm_maxacts_per_trefi=166.sh> in cluster <nvidia> Done

Job </home/gsaileshwar/rowhammer_defense/aqua_gem5/gem5/scripts/qsub_cmds/run_43/9_runscript.sh_wrf_RFM2.BR1.4C_4_2017_--rh_defense_--rh_mitigation=RFM_--rh_rfm_per_trefi=2_--rh_rfm_blast_radius=1_--rh_rfm_maxacts_per_trefi=166.sh> was submitted from host <sc-xterm-260> by user <gsaileshwar> in cluster <nvidia> at Thu Jul  6 11:32:26 2023
Job was executed on host(s) <dc7-sim-e11-156>, in queue <o_long>, as user <gsaileshwar> in cluster <nvidia> at Thu Jul  6 14:07:39 2023
</home/gsaileshwar> was used as the home directory.
</home/gsaileshwar/rowhammer_defense/aqua_gem5/gem5/scripts> was used as the working directory.
Started at Thu Jul  6 14:07:39 2023
Terminated at Thu Jul  6 15:41:26 2023
Results reported at Thu Jul  6 15:41:26 2023

Your job looked like:

------------------------------------------------------------
# LSBATCH: User input
/home/gsaileshwar/rowhammer_defense/aqua_gem5/gem5/scripts/qsub_cmds/run_43/9_runscript.sh_wrf_RFM2.BR1.4C_4_2017_--rh_defense_--rh_mitigation=RFM_--rh_rfm_per_trefi=2_--rh_rfm_blast_radius=1_--rh_rfm_maxacts_per_trefi=166.sh
------------------------------------------------------------

Successfully completed.

Resource usage summary:

    CPU time :                                   5602.00 sec.
    Max Memory :                                 1001.63 MB
    Average Memory :                             993.48 MB
    Total Requested Memory :                     6000.00 MB
    Delta Memory :                               4998.37 MB
    Max Swap :                                   -
    Max Processes :                              1
    Max Threads :                                1
    Run time :                                   5646 sec.
    Turnaround time :                            14940 sec.

The output (if any) is above this job summary.

