Running command: ./runscript.sh namd PARA5.BR4.4C 4 2017 --rh_defense --rh_mitigation=PARA --rh_rfm_per_trefi=5 --rh_rfm_blast_radius=4 --rh_rfm_maxacts_per_trefi=166
Running exports
GEM5_PATH is set to '/home/gsaileshwar/rowhammer_defense/aqua_gem5/gem5'
SPEC17_PATH is set to '/home/gsaileshwar/rowhammer_defense/spec2017/spec-cpu-2017-main'
CKPT_PATH is set to '/home/gsaileshwar/rowhammer_defense/aqua_gem5/cpts'
RH_DEFENSE: --rh_defense is ENABLED
checkpoint directory:  /home/gsaileshwar/rowhammer_defense/aqua_gem5/cpts/multiprogram_16GBmem_25Bn.SPEC2017.C4/namd-1-ref-x86
output directory:  /home/gsaileshwar/rowhammer_defense/aqua_gem5/gem5/stats/multiprogram_16GBmem_250Mn.SPEC2017.C4/PARA5.BR4.4C/namd
Command line:
./runscript.sh namd PARA5.BR4.4C 4 2017 --rh_defense --rh_mitigation=PARA --rh_rfm_per_trefi=5 --rh_rfm_blast_radius=4 --rh_rfm_maxacts_per_trefi=166

------------------------------------------------------------
Sender: LSF System <lsflin@dc7-sim-h06-221>
Subject: Job 1718333833: </home/gsaileshwar/rowhammer_defense/aqua_gem5/gem5/scripts/qsub_cmds/run_79/6_runscript.sh_namd_PARA5.BR4.4C_4_2017_--rh_defense_--rh_mitigation=PARA_--rh_rfm_per_trefi=5_--rh_rfm_blast_radius=4_--rh_rfm_maxacts_per_trefi=166.sh> in cluster <nvidia> Done

Job </home/gsaileshwar/rowhammer_defense/aqua_gem5/gem5/scripts/qsub_cmds/run_79/6_runscript.sh_namd_PARA5.BR4.4C_4_2017_--rh_defense_--rh_mitigation=PARA_--rh_rfm_per_trefi=5_--rh_rfm_blast_radius=4_--rh_rfm_maxacts_per_trefi=166.sh> was submitted from host <dc7-sim-d12-083> by user <gsaileshwar> in cluster <nvidia> at Sat Jul 22 23:18:22 2023
Job was executed on host(s) <dc7-sim-h06-221>, in queue <o_long>, as user <gsaileshwar> in cluster <nvidia> at Sun Jul 23 02:24:43 2023
</home/gsaileshwar> was used as the home directory.
</home/gsaileshwar/rowhammer_defense/aqua_gem5/gem5/scripts> was used as the working directory.
Started at Sun Jul 23 02:24:43 2023
Terminated at Sun Jul 23 03:44:57 2023
Results reported at Sun Jul 23 03:44:57 2023

Your job looked like:

------------------------------------------------------------
# LSBATCH: User input
/home/gsaileshwar/rowhammer_defense/aqua_gem5/gem5/scripts/qsub_cmds/run_79/6_runscript.sh_namd_PARA5.BR4.4C_4_2017_--rh_defense_--rh_mitigation=PARA_--rh_rfm_per_trefi=5_--rh_rfm_blast_radius=4_--rh_rfm_maxacts_per_trefi=166.sh
------------------------------------------------------------

Successfully completed.

Resource usage summary:

    CPU time :                                   4793.00 sec.
    Max Memory :                                 859.45 MB
    Average Memory :                             852.92 MB
    Total Requested Memory :                     6000.00 MB
    Delta Memory :                               5140.55 MB
    Max Swap :                                   -
    Max Processes :                              1
    Max Threads :                                1
    Run time :                                   4821 sec.
    Turnaround time :                            15995 sec.

The output (if any) is above this job summary.

