Running command: ./runscript.sh x264 RFM2.BR4.4C 4 2017 --rh_defense --rh_mitigation=RFM --rh_rfm_per_trefi=2 --rh_rfm_blast_radius=4 --rh_rfm_maxacts_per_trefi=166
Running exports
GEM5_PATH is set to '/home/gsaileshwar/rowhammer_defense/aqua_gem5/gem5'
SPEC17_PATH is set to '/home/gsaileshwar/rowhammer_defense/spec2017/spec-cpu-2017-main'
CKPT_PATH is set to '/home/gsaileshwar/rowhammer_defense/aqua_gem5/cpts'
RH_DEFENSE: --rh_defense is ENABLED
checkpoint directory:  /home/gsaileshwar/rowhammer_defense/aqua_gem5/cpts/multiprogram_16GBmem_25Bn.SPEC2017.C4/x264-1-ref-x86
output directory:  /home/gsaileshwar/rowhammer_defense/aqua_gem5/gem5/stats/multiprogram_16GBmem_250Mn.SPEC2017.C4/RFM2.BR4.4C/x264
Command line:
./runscript.sh x264 RFM2.BR4.4C 4 2017 --rh_defense --rh_mitigation=RFM --rh_rfm_per_trefi=2 --rh_rfm_blast_radius=4 --rh_rfm_maxacts_per_trefi=166

------------------------------------------------------------
Sender: LSF System <lsflin@dc7-sim-e14-085>
Subject: Job 1662797500: </home/gsaileshwar/rowhammer_defense/aqua_gem5/gem5/scripts/qsub_cmds/run_28/10_runscript.sh_x264_RFM2.BR4.4C_4_2017_--rh_defense_--rh_mitigation=RFM_--rh_rfm_per_trefi=2_--rh_rfm_blast_radius=4_--rh_rfm_maxacts_per_trefi=166.sh> in cluster <nvidia> Done

Job </home/gsaileshwar/rowhammer_defense/aqua_gem5/gem5/scripts/qsub_cmds/run_28/10_runscript.sh_x264_RFM2.BR4.4C_4_2017_--rh_defense_--rh_mitigation=RFM_--rh_rfm_per_trefi=2_--rh_rfm_blast_radius=4_--rh_rfm_maxacts_per_trefi=166.sh> was submitted from host <dc7-sim-d12-083> by user <gsaileshwar> in cluster <nvidia> at Mon Jul  3 19:26:41 2023
Job was executed on host(s) <dc7-sim-e14-085>, in queue <o_long>, as user <gsaileshwar> in cluster <nvidia> at Tue Jul  4 03:34:09 2023
</home/gsaileshwar> was used as the home directory.
</home/gsaileshwar/rowhammer_defense/aqua_gem5/gem5/scripts> was used as the working directory.
Started at Tue Jul  4 03:34:09 2023
Terminated at Tue Jul  4 03:34:14 2023
Results reported at Tue Jul  4 03:34:14 2023

Your job looked like:

------------------------------------------------------------
# LSBATCH: User input
/home/gsaileshwar/rowhammer_defense/aqua_gem5/gem5/scripts/qsub_cmds/run_28/10_runscript.sh_x264_RFM2.BR4.4C_4_2017_--rh_defense_--rh_mitigation=RFM_--rh_rfm_per_trefi=2_--rh_rfm_blast_radius=4_--rh_rfm_maxacts_per_trefi=166.sh
------------------------------------------------------------

Successfully completed.

Resource usage summary:

    CPU time :                                   0.06 sec.
    Max Memory :                                 104.00 KB
    Average Memory :                             101.33 KB
    Total Requested Memory :                     6144000.00 KB
    Delta Memory :                               6143896.00 KB
    Max Swap :                                   -
    Max Processes :                              1
    Max Threads :                                1
    Run time :                                   18 sec.
    Turnaround time :                            29253 sec.

The output (if any) is above this job summary.

