Running command: ./runscript.sh roms AE.RRS.1K.4C 4 2017 --rh_defense --rh_mitigation=RRS --rh_actual_threshold=1000
Running exports
GEM5_PATH is set to '/home/gsaileshwar/rowhammer_defense/aqua_gem5/gem5'
SPEC17_PATH is set to '/home/gsaileshwar/rowhammer_defense/spec2017/spec-cpu-2017-main'
CKPT_PATH is set to '/home/gsaileshwar/rowhammer_defense/aqua_gem5/cpts'
RH_DEFENSE: --rh_defense is ENABLED
checkpoint directory:  /home/gsaileshwar/rowhammer_defense/aqua_gem5/cpts/multiprogram_16GBmem_25Bn.SPEC2017.C4/roms-1-ref-x86
output directory:  /home/gsaileshwar/rowhammer_defense/aqua_gem5/gem5/stats/multiprogram_16GBmem_250Mn.SPEC2017.C4/AE.RRS.1K.4C//roms
Command line:
./runscript.sh roms AE.RRS.1K.4C 4 2017 --rh_defense --rh_mitigation=RRS --rh_actual_threshold=1000

------------------------------------------------------------
Sender: LSF System <lsflin@dc2-sim-d27-011>
Subject: Job 1612742580: </home/gsaileshwar/rowhammer_defense/aqua_gem5/gem5/scripts/qsub_cmds/run_6/17_runscript.sh_roms_AE.RRS.1K.4C_4_2017_--rh_defense_--rh_mitigation=RRS_--rh_actual_threshold=1000.sh> in cluster <nvidia> Done

Job </home/gsaileshwar/rowhammer_defense/aqua_gem5/gem5/scripts/qsub_cmds/run_6/17_runscript.sh_roms_AE.RRS.1K.4C_4_2017_--rh_defense_--rh_mitigation=RRS_--rh_actual_threshold=1000.sh> was submitted from host <sc-xterm-260> by user <gsaileshwar> in cluster <nvidia> at Wed Jun 14 11:24:31 2023
Job was executed on host(s) <dc2-sim-d27-011>, in queue <o_long>, as user <gsaileshwar> in cluster <nvidia> at Wed Jun 14 11:24:54 2023
</home/gsaileshwar> was used as the home directory.
</home/gsaileshwar/rowhammer_defense/aqua_gem5/gem5/scripts> was used as the working directory.
Started at Wed Jun 14 11:24:54 2023
Terminated at Wed Jun 14 13:32:53 2023
Results reported at Wed Jun 14 13:32:53 2023

Your job looked like:

------------------------------------------------------------
# LSBATCH: User input
/home/gsaileshwar/rowhammer_defense/aqua_gem5/gem5/scripts/qsub_cmds/run_6/17_runscript.sh_roms_AE.RRS.1K.4C_4_2017_--rh_defense_--rh_mitigation=RRS_--rh_actual_threshold=1000.sh
------------------------------------------------------------

Successfully completed.

Resource usage summary:

    CPU time :                                   7671.00 sec.
    Max Memory :                                 4105.14 MB
    Average Memory :                             4074.56 MB
    Total Requested Memory :                     6000.00 MB
    Delta Memory :                               1894.86 MB
    Max Swap :                                   -
    Max Processes :                              1
    Max Threads :                                1
    Run time :                                   7696 sec.
    Turnaround time :                            7702 sec.

The output (if any) is above this job summary.

