Running command: ./runscript.sh mix10 AE.RRS.1K.4C 4 2017 --rh_defense --rh_mitigation=RRS --rh_actual_threshold=1000
Running exports
GEM5_PATH is set to '/home/gsaileshwar/rowhammer_defense/aqua_gem5/gem5'
SPEC17_PATH is set to '/home/gsaileshwar/rowhammer_defense/spec2017/spec-cpu-2017-main'
CKPT_PATH is set to '/home/gsaileshwar/rowhammer_defense/aqua_gem5/cpts'
RH_DEFENSE: --rh_defense is ENABLED
checkpoint directory:  /home/gsaileshwar/rowhammer_defense/aqua_gem5/cpts/multiprogram_16GBmem_25Bn.SPEC2017.C4/mix10-1-ref-x86
output directory:  /home/gsaileshwar/rowhammer_defense/aqua_gem5/gem5/stats/multiprogram_16GBmem_250Mn.SPEC2017.C4/AE.RRS.1K.4C//mix10
Command line:
./runscript.sh mix10 AE.RRS.1K.4C 4 2017 --rh_defense --rh_mitigation=RRS --rh_actual_threshold=1000

------------------------------------------------------------
Sender: LSF System <lsflin@dc7-sim-b17-146>
Subject: Job 1612743229: </home/gsaileshwar/rowhammer_defense/aqua_gem5/gem5/scripts/qsub_cmds/run_6/29_runscript.sh_mix10_AE.RRS.1K.4C_4_2017_--rh_defense_--rh_mitigation=RRS_--rh_actual_threshold=1000.sh> in cluster <nvidia> Done

Job </home/gsaileshwar/rowhammer_defense/aqua_gem5/gem5/scripts/qsub_cmds/run_6/29_runscript.sh_mix10_AE.RRS.1K.4C_4_2017_--rh_defense_--rh_mitigation=RRS_--rh_actual_threshold=1000.sh> was submitted from host <sc-xterm-260> by user <gsaileshwar> in cluster <nvidia> at Wed Jun 14 11:24:55 2023
Job was executed on host(s) <dc7-sim-b17-146>, in queue <o_long>, as user <gsaileshwar> in cluster <nvidia> at Wed Jun 14 11:25:10 2023
</home/gsaileshwar> was used as the home directory.
</home/gsaileshwar/rowhammer_defense/aqua_gem5/gem5/scripts> was used as the working directory.
Started at Wed Jun 14 11:25:10 2023
Terminated at Wed Jun 14 12:18:07 2023
Results reported at Wed Jun 14 12:18:07 2023

Your job looked like:

------------------------------------------------------------
# LSBATCH: User input
/home/gsaileshwar/rowhammer_defense/aqua_gem5/gem5/scripts/qsub_cmds/run_6/29_runscript.sh_mix10_AE.RRS.1K.4C_4_2017_--rh_defense_--rh_mitigation=RRS_--rh_actual_threshold=1000.sh
------------------------------------------------------------

Successfully completed.

Resource usage summary:

    CPU time :                                   3160.00 sec.
    Max Memory :                                 620.84 MB
    Average Memory :                             607.12 MB
    Total Requested Memory :                     6000.00 MB
    Delta Memory :                               5379.16 MB
    Max Swap :                                   -
    Max Processes :                              4
    Max Threads :                                5
    Run time :                                   3184 sec.
    Turnaround time :                            3192 sec.

The output (if any) is above this job summary.

