Running command: ./runscript.sh mcf PARA5.BR1.4C 4 2017 --rh_defense --rh_mitigation=PARA --rh_rfm_per_trefi=5 --rh_rfm_blast_radius=1 --rh_rfm_maxacts_per_trefi=166
Running exports
GEM5_PATH is set to '/home/gsaileshwar/rowhammer_defense/aqua_gem5/gem5'
SPEC17_PATH is set to '/home/gsaileshwar/rowhammer_defense/spec2017/spec-cpu-2017-main'
CKPT_PATH is set to '/home/gsaileshwar/rowhammer_defense/aqua_gem5/cpts'
RH_DEFENSE: --rh_defense is ENABLED
checkpoint directory:  /home/gsaileshwar/rowhammer_defense/aqua_gem5/cpts/multiprogram_16GBmem_25Bn.SPEC2017.C4/mcf-1-ref-x86
output directory:  /home/gsaileshwar/rowhammer_defense/aqua_gem5/gem5/stats/multiprogram_16GBmem_250Mn.SPEC2017.C4/PARA5.BR1.4C/mcf
Command line:
./runscript.sh mcf PARA5.BR1.4C 4 2017 --rh_defense --rh_mitigation=PARA --rh_rfm_per_trefi=5 --rh_rfm_blast_radius=1 --rh_rfm_maxacts_per_trefi=166

------------------------------------------------------------
Sender: LSF System <lsflin@dc7-sim-c13-143>
Subject: Job 1716176667: </home/gsaileshwar/rowhammer_defense/aqua_gem5/gem5/scripts/qsub_cmds/run_68/4_runscript.sh_mcf_PARA5.BR1.4C_4_2017_--rh_defense_--rh_mitigation=PARA_--rh_rfm_per_trefi=5_--rh_rfm_blast_radius=1_--rh_rfm_maxacts_per_trefi=166.sh> in cluster <nvidia> Done

Job </home/gsaileshwar/rowhammer_defense/aqua_gem5/gem5/scripts/qsub_cmds/run_68/4_runscript.sh_mcf_PARA5.BR1.4C_4_2017_--rh_defense_--rh_mitigation=PARA_--rh_rfm_per_trefi=5_--rh_rfm_blast_radius=1_--rh_rfm_maxacts_per_trefi=166.sh> was submitted from host <sc-xterm-260> by user <gsaileshwar> in cluster <nvidia> at Fri Jul 21 17:40:00 2023
Job was executed on host(s) <dc7-sim-c13-143>, in queue <o_long>, as user <gsaileshwar> in cluster <nvidia> at Fri Jul 21 19:58:13 2023
</home/gsaileshwar> was used as the home directory.
</home/gsaileshwar/rowhammer_defense/aqua_gem5/gem5/scripts> was used as the working directory.
Started at Fri Jul 21 19:58:13 2023
Terminated at Fri Jul 21 23:30:07 2023
Results reported at Fri Jul 21 23:30:07 2023

Your job looked like:

------------------------------------------------------------
# LSBATCH: User input
/home/gsaileshwar/rowhammer_defense/aqua_gem5/gem5/scripts/qsub_cmds/run_68/4_runscript.sh_mcf_PARA5.BR1.4C_4_2017_--rh_defense_--rh_mitigation=PARA_--rh_rfm_per_trefi=5_--rh_rfm_blast_radius=1_--rh_rfm_maxacts_per_trefi=166.sh
------------------------------------------------------------

Successfully completed.

Resource usage summary:

    CPU time :                                   12693.00 sec.
    Max Memory :                                 219.91 MB
    Average Memory :                             218.98 MB
    Total Requested Memory :                     6000.00 MB
    Delta Memory :                               5780.09 MB
    Max Swap :                                   -
    Max Processes :                              1
    Max Threads :                                1
    Run time :                                   12731 sec.
    Turnaround time :                            21007 sec.

The output (if any) is above this job summary.

