Running command: ./runscript.sh mix2 AE.RRS.1K.4C 4 2017 --rh_defense --rh_mitigation=RRS --rh_actual_threshold=1000
Running exports
GEM5_PATH is set to '/home/gsaileshwar/rowhammer_defense/aqua_gem5/gem5'
SPEC17_PATH is set to '/home/gsaileshwar/rowhammer_defense/spec2017/spec-cpu-2017-main'
CKPT_PATH is set to '/home/gsaileshwar/rowhammer_defense/aqua_gem5/cpts'
RH_DEFENSE: --rh_defense is ENABLED
checkpoint directory:  /home/gsaileshwar/rowhammer_defense/aqua_gem5/cpts/multiprogram_16GBmem_25Bn.SPEC2017.C4/mix2-1-ref-x86
output directory:  /home/gsaileshwar/rowhammer_defense/aqua_gem5/gem5/stats/multiprogram_16GBmem_250Mn.SPEC2017.C4/AE.RRS.1K.4C/mix2
Command line:
./runscript.sh mix2 AE.RRS.1K.4C 4 2017 --rh_defense --rh_mitigation=RRS --rh_actual_threshold=1000

------------------------------------------------------------
Sender: LSF System <lsflin@dc7-sim-a13-036>
Subject: Job 1719758171: </home/gsaileshwar/rowhammer_defense/aqua_gem5/gem5/scripts/qsub_cmds/run_127/1_runscript.sh_mix2_AE.RRS.1K.4C_4_2017_--rh_defense_--rh_mitigation=RRS_--rh_actual_threshold=1000.sh> in cluster <nvidia> Exited

Job </home/gsaileshwar/rowhammer_defense/aqua_gem5/gem5/scripts/qsub_cmds/run_127/1_runscript.sh_mix2_AE.RRS.1K.4C_4_2017_--rh_defense_--rh_mitigation=RRS_--rh_actual_threshold=1000.sh> was submitted from host <dc7-sim-d12-083> by user <gsaileshwar> in cluster <nvidia> at Sun Jul 23 17:30:19 2023
Job was executed on host(s) <dc7-sim-a13-036>, in queue <o_long>, as user <gsaileshwar> in cluster <nvidia> at Sun Jul 23 17:30:30 2023
</home/gsaileshwar> was used as the home directory.
</home/gsaileshwar/rowhammer_defense/aqua_gem5/gem5/scripts> was used as the working directory.
Started at Sun Jul 23 17:30:30 2023
Terminated at Sun Jul 23 17:56:17 2023
Results reported at Sun Jul 23 17:56:17 2023

Your job looked like:

------------------------------------------------------------
# LSBATCH: User input
/home/gsaileshwar/rowhammer_defense/aqua_gem5/gem5/scripts/qsub_cmds/run_127/1_runscript.sh_mix2_AE.RRS.1K.4C_4_2017_--rh_defense_--rh_mitigation=RRS_--rh_actual_threshold=1000.sh
------------------------------------------------------------

TERM_OWNER: job killed by owner.
Exited with signal termination: 14.

Resource usage summary:

    CPU time :                                   1535.00 sec.
    Max Memory :                                 1354.32 MB
    Average Memory :                             1320.47 MB
    Total Requested Memory :                     6000.00 MB
    Delta Memory :                               4645.68 MB
    Max Swap :                                   -
    Max Processes :                              1
    Max Threads :                                1
    Run time :                                   1571 sec.
    Turnaround time :                            1558 sec.

The output (if any) is above this job summary.

