Running command: ./runscript.sh mix17 AE.AQUA.SRAM_TABLES.1K.4C 4 2017 --rh_defense --rh_mitigation=RQ --rh_actual_threshold=1000 --rh_rq_disable_rit_virt --rh_rq_cache_sets=256 --rh_rq_rows_per_btv_bit=16 --rh_rq_qr_size=23053 
Running exports
GEM5_PATH is set to '/home/gsaileshwar/rowhammer_defense/aqua_gem5/gem5'
SPEC17_PATH is set to '/home/gsaileshwar/rowhammer_defense/spec2017/spec-cpu-2017-main'
CKPT_PATH is set to '/home/gsaileshwar/rowhammer_defense/aqua_gem5/cpts'
RH_DEFENSE: --rh_defense is ENABLED
checkpoint directory:  /home/gsaileshwar/rowhammer_defense/aqua_gem5/cpts/multiprogram_16GBmem_25Bn.SPEC2017.C4/mix17-1-ref-x86
output directory:  /home/gsaileshwar/rowhammer_defense/aqua_gem5/gem5/stats/multiprogram_16GBmem_250Mn.SPEC2017.C4/AE.AQUA.SRAM_TABLES.1K.4C/mix17
Command line:
./runscript.sh mix17 AE.AQUA.SRAM_TABLES.1K.4C 4 2017 --rh_defense --rh_mitigation=RQ --rh_actual_threshold=1000 --rh_rq_disable_rit_virt --rh_rq_cache_sets=256 --rh_rq_rows_per_btv_bit=16 --rh_rq_qr_size=23053

------------------------------------------------------------
Sender: LSF System <lsflin@dc2-sim-b27-013>
Subject: Job 1722631464: </home/gsaileshwar/rowhammer_defense/aqua_gem5/gem5/scripts/qsub_cmds/run_131/2_runscript.sh_mix17_AE.AQUA.SRAM_TABLES.1K.4C_4_2017_--rh_defense_--rh_mitigation=RQ_--rh_actual_threshold=1000_--rh_rq_disable_rit_virt_--rh_rq_cache_sets=256_--rh_rq_rows_per_btv_bit=16_--rh_rq_qr_size=23053_.sh> in cluster <nvidia> Done

Job </home/gsaileshwar/rowhammer_defense/aqua_gem5/gem5/scripts/qsub_cmds/run_131/2_runscript.sh_mix17_AE.AQUA.SRAM_TABLES.1K.4C_4_2017_--rh_defense_--rh_mitigation=RQ_--rh_actual_threshold=1000_--rh_rq_disable_rit_virt_--rh_rq_cache_sets=256_--rh_rq_rows_per_btv_bit=16_--rh_rq_qr_size=23053_.sh> was submitted from host <dc7-sim-d12-083> by user <gsaileshwar> in cluster <nvidia> at Mon Jul 24 17:10:30 2023
Job was executed on host(s) <dc2-sim-b27-013>, in queue <o_long>, as user <gsaileshwar> in cluster <nvidia> at Mon Jul 24 17:10:46 2023
</home/gsaileshwar> was used as the home directory.
</home/gsaileshwar/rowhammer_defense/aqua_gem5/gem5/scripts> was used as the working directory.
Started at Mon Jul 24 17:10:46 2023
Terminated at Mon Jul 24 18:48:41 2023
Results reported at Mon Jul 24 18:48:41 2023

Your job looked like:

------------------------------------------------------------
# LSBATCH: User input
/home/gsaileshwar/rowhammer_defense/aqua_gem5/gem5/scripts/qsub_cmds/run_131/2_runscript.sh_mix17_AE.AQUA.SRAM_TABLES.1K.4C_4_2017_--rh_defense_--rh_mitigation=RQ_--rh_actual_threshold=1000_--rh_rq_disable_rit_virt_--rh_rq_cache_sets=256_--rh_rq_rows_per_btv_bit=16_--rh_rq_qr_size=23053_.sh
------------------------------------------------------------

Successfully completed.

Resource usage summary:

    CPU time :                                   5845.00 sec.
    Max Memory :                                 2420.09 MB
    Average Memory :                             2336.53 MB
    Total Requested Memory :                     6000.00 MB
    Delta Memory :                               3579.91 MB
    Max Swap :                                   -
    Max Processes :                              1
    Max Threads :                                1
    Run time :                                   5875 sec.
    Turnaround time :                            5891 sec.

The output (if any) is above this job summary.

