Running command: ./runscript.sh mix9 PARA1.BR2.4C 4 2017 --rh_defense --rh_mitigation=PARA --rh_rfm_per_trefi=1 --rh_rfm_blast_radius=2 --rh_rfm_maxacts_per_trefi=166
Running exports
GEM5_PATH is set to '/home/scratch.ajaleel_nvresearch/rowhammer/gururaj/rowhammer_defense/aqua_gem5/gem5'
SPEC17_PATH is set to '/home/scratch.ajaleel_nvresearch/rowhammer/gururaj/rowhammer_defense/spec2017/spec-cpu-2017-main'
CKPT_PATH is set to '/home/scratch.ajaleel_nvresearch/rowhammer/gururaj/rowhammer_defense/aqua_gem5/cpts'
RH_DEFENSE: --rh_defense is ENABLED
checkpoint directory:  /home/scratch.ajaleel_nvresearch/rowhammer/gururaj/rowhammer_defense/aqua_gem5/cpts/multiprogram_16GBmem_25Bn.SPEC2017.C4/mix9-1-ref-x86
output directory:  /home/scratch.ajaleel_nvresearch/rowhammer/gururaj/rowhammer_defense/aqua_gem5/gem5/stats/multiprogram_16GBmem_250Mn.SPEC2017.C4/PARA1.BR2.4C/mix9
Command line:
./runscript.sh mix9 PARA1.BR2.4C 4 2017 --rh_defense --rh_mitigation=PARA --rh_rfm_per_trefi=1 --rh_rfm_blast_radius=2 --rh_rfm_maxacts_per_trefi=166

------------------------------------------------------------
Sender: LSF System <lsflin@dc2-sim-e14-051>
Subject: Job 1952438236: </home/scratch.ajaleel_nvresearch/rowhammer/gururaj/rowhammer_defense/aqua_gem5/gem5/scripts/qsub_cmds/run_163/27_runscript.sh_mix9_PARA1.BR2.4C_4_2017_--rh_defense_--rh_mitigation=PARA_--rh_rfm_per_trefi=1_--rh_rfm_blast_radius=2_--rh_rfm_maxacts_per_trefi=166.sh> in cluster <nvidia> Done

Job </home/scratch.ajaleel_nvresearch/rowhammer/gururaj/rowhammer_defense/aqua_gem5/gem5/scripts/qsub_cmds/run_163/27_runscript.sh_mix9_PARA1.BR2.4C_4_2017_--rh_defense_--rh_mitigation=PARA_--rh_rfm_per_trefi=1_--rh_rfm_blast_radius=2_--rh_rfm_maxacts_per_trefi=166.sh> was submitted from host <dc7-container-xterm-02> by user <ajaleel> in cluster <nvidia> at Fri Oct 13 07:59:29 2023
Job was executed on host(s) <dc2-sim-e14-051>, in queue <o_long>, as user <ajaleel> in cluster <nvidia> at Fri Oct 13 07:59:33 2023
</home/ajaleel> was used as the home directory.
</home/scratch.ajaleel_nvresearch/rowhammer/gururaj/rowhammer_defense/aqua_gem5/gem5/scripts> was used as the working directory.
Started at Fri Oct 13 07:59:33 2023
Terminated at Fri Oct 13 07:59:37 2023
Results reported at Fri Oct 13 07:59:37 2023

Your job looked like:

------------------------------------------------------------
# LSBATCH: User input
/home/scratch.ajaleel_nvresearch/rowhammer/gururaj/rowhammer_defense/aqua_gem5/gem5/scripts/qsub_cmds/run_163/27_runscript.sh_mix9_PARA1.BR2.4C_4_2017_--rh_defense_--rh_mitigation=PARA_--rh_rfm_per_trefi=1_--rh_rfm_blast_radius=2_--rh_rfm_maxacts_per_trefi=166.sh
------------------------------------------------------------

Successfully completed.

Resource usage summary:

    CPU time :                                   0.05 sec.
    Max Memory :                                 -
    Average Memory :                             -
    Total Requested Memory :                     6000.00 MB
    Delta Memory :                               -
    Max Swap :                                   -
    Max Processes :                              1
    Max Threads :                                1
    Run time :                                   4 sec.
    Turnaround time :                            8 sec.

The output (if any) is above this job summary.

